Started GET "/" for 127.0.0.1 at 2017-12-06 17:03:19 -0800
Processing by Rails::WelcomeController#index as HTML
  Rendering /Users/botilko/.rbenv/versions/2.3.3/lib/ruby/gems/2.3.0/gems/railties-5.1.4/lib/rails/templates/rails/welcome/index.html.erb
  Rendered /Users/botilko/.rbenv/versions/2.3.3/lib/ruby/gems/2.3.0/gems/railties-5.1.4/lib/rails/templates/rails/welcome/index.html.erb (11.3ms)
Completed 200 OK in 446ms (Views: 26.7ms)


Started GET "/" for 127.0.0.1 at 2017-12-06 17:48:36 -0800
Processing by Rails::WelcomeController#index as HTML
  Rendering /Users/botilko/.rbenv/versions/2.3.3/lib/ruby/gems/2.3.0/gems/railties-5.1.4/lib/rails/templates/rails/welcome/index.html.erb
  Rendered /Users/botilko/.rbenv/versions/2.3.3/lib/ruby/gems/2.3.0/gems/railties-5.1.4/lib/rails/templates/rails/welcome/index.html.erb (5.3ms)
Completed 200 OK in 201ms (Views: 12.5ms)


Started GET "/" for 127.0.0.1 at 2017-12-06 17:57:49 -0800
Processing by AppointmentsController#index as HTML
  Rendering appointments/index.html.erb within layouts/application
  Rendered appointments/index.html.erb within layouts/application (1.2ms)
Completed 200 OK in 1727ms (Views: 1536.3ms)


Started GET "/" for 127.0.0.1 at 2017-12-06 18:02:55 -0800
Processing by AppointmentsController#index as HTML
  Rendering appointments/index.html.erb within layouts/application
  Rendered appointments/index.html.erb within layouts/application (330.0ms)
Completed 500 Internal Server Error in 336ms


  
ActionView::Template::Error (undefined method `react_compontent' for #<#<Class:0x007fe34c7a7bc8>:0x007fe34cf42c98>
Did you mean?  react_component):
    1: <%= react_compontent 'Appointments' %>
  
app/views/appointments/index.html.erb:1:in `_app_views_appointments_index_html_erb__4292714553707544364_70307086935020'
Started GET "/" for 127.0.0.1 at 2017-12-06 18:03:11 -0800
Processing by AppointmentsController#index as HTML
  Rendering appointments/index.html.erb within layouts/application
  Rendered appointments/index.html.erb within layouts/application (0.8ms)
Completed 500 Internal Server Error in 1523ms


  
ActionView::Template::Error (SyntaxError: unknown: Expected corresponding JSX closing tag for <h1> (4:21)
  2 | 	render: function(){
  3 | 		return (
> 4 | 			<h1>CallendarReact</h>
    |                      ^
  5 | 		)
  6 | 	}
  7 | });):
     5:     <%= csrf_meta_tags %>
     6: 
     7:     <%= stylesheet_link_tag    'application', media: 'all', 'data-turbolinks-track': 'reload' %>
     8:     <%= javascript_include_tag 'application', 'data-turbolinks-track': 'reload' %>
     9:   </head>
    10: 
    11:   <body>
  
app/views/layouts/application.html.erb:8:in `_app_views_layouts_application_html_erb___986393741907988240_70307087148000'
Started GET "/" for 127.0.0.1 at 2017-12-06 18:03:28 -0800
Processing by AppointmentsController#index as HTML
  Rendering appointments/index.html.erb within layouts/application
  Rendered appointments/index.html.erb within layouts/application (0.7ms)
Completed 200 OK in 1001ms (Views: 999.2ms)


Started GET "/" for 127.0.0.1 at 2017-12-06 18:03:49 -0800
Processing by AppointmentsController#index as HTML
  Rendering appointments/index.html.erb within layouts/application
  Rendered appointments/index.html.erb within layouts/application (0.8ms)
Completed 200 OK in 1011ms (Views: 1007.9ms)


Started GET "/" for 127.0.0.1 at 2017-12-06 18:37:38 -0800
Processing by AppointmentsController#index as HTML
  Rendering appointments/index.html.erb within layouts/application
  Rendered appointments/index.html.erb within layouts/application (1.2ms)
Completed 200 OK in 41ms (Views: 36.6ms)


  [1m[35m (0.2ms)[0m  [1m[34mSELECT sqlite_version(*)[0m
  [1m[35m (2.4ms)[0m  [1m[35mCREATE TABLE "schema_migrations" ("version" varchar NOT NULL PRIMARY KEY)[0m
  [1m[35m (2.0ms)[0m  [1m[35mCREATE TABLE "ar_internal_metadata" ("key" varchar NOT NULL PRIMARY KEY, "value" varchar, "created_at" datetime NOT NULL, "updated_at" datetime NOT NULL)[0m
  [1m[35m (0.3ms)[0m  [1m[34mSELECT "schema_migrations"."version" FROM "schema_migrations" ORDER BY "schema_migrations"."version" ASC[0m
Migrating to CreateAppointments (20171207023751)
  [1m[35m (0.1ms)[0m  [1m[36mbegin transaction[0m
  [1m[35m (0.8ms)[0m  [1m[35mCREATE TABLE "appointments" ("id" INTEGER PRIMARY KEY AUTOINCREMENT NOT NULL, "title" varchar, "appt_time" datetime, "created_at" datetime NOT NULL, "updated_at" datetime NOT NULL)[0m
  [1m[35mSQL (0.3ms)[0m  [1m[32mINSERT INTO "schema_migrations" ("version") VALUES (?)[0m  [["version", "20171207023751"]]
  [1m[35m (1.8ms)[0m  [1m[36mcommit transaction[0m
  [1m[36mActiveRecord::InternalMetadata Load (0.3ms)[0m  [1m[34mSELECT  "ar_internal_metadata".* FROM "ar_internal_metadata" WHERE "ar_internal_metadata"."key" = ? LIMIT ?[0m  [["key", "environment"], ["LIMIT", 1]]
  [1m[35m (0.1ms)[0m  [1m[36mbegin transaction[0m
  [1m[35mSQL (0.3ms)[0m  [1m[32mINSERT INTO "ar_internal_metadata" ("key", "value", "created_at", "updated_at") VALUES (?, ?, ?, ?)[0m  [["key", "environment"], ["value", "development"], ["created_at", "2017-12-07 05:03:22.045626"], ["updated_at", "2017-12-07 05:03:22.045626"]]
  [1m[35m (1.8ms)[0m  [1m[36mcommit transaction[0m
  [1m[35m (0.2ms)[0m  [1m[34mSELECT "schema_migrations"."version" FROM "schema_migrations" ORDER BY "schema_migrations"."version" ASC[0m
Started GET "/" for 127.0.0.1 at 2017-12-06 21:22:35 -0800
  [1m[35m (0.1ms)[0m  [1m[34mSELECT "schema_migrations"."version" FROM "schema_migrations" ORDER BY "schema_migrations"."version" ASC[0m
Processing by AppointmentsController#index as HTML
  Rendering appointments/index.html.erb within layouts/application
  Rendered appointments/index.html.erb within layouts/application (1.3ms)
Completed 500 Internal Server Error in 1762ms (ActiveRecord: 1.1ms)


  
ActionView::Template::Error (SyntaxError: unknown: Adjacent JSX elements must be wrapped in an enclosing tag (5:3)
  3 | 		return (
  4 | 			<h1>CallendarReact</h1>
> 5 | 			<h2>Appointments</h2>
    |    ^
  6 | 			<h3>Make new
  7 | 		)
  8 | 	}):
    4:     <title>Calreact</title>
    5:     <%= csrf_meta_tags %>
    6: 
    7:     <%= stylesheet_link_tag    'application', media: 'all', 'data-turbolinks-track': 'reload' %>
    8:     <%= javascript_include_tag 'application', 'data-turbolinks-track': 'reload' %>
    9:   </head>
   10: 
  
app/views/layouts/application.html.erb:7:in `_app_views_layouts_application_html_erb__2375090842211245889_70353352187100'
Started GET "/" for 127.0.0.1 at 2017-12-06 21:23:27 -0800
Processing by AppointmentsController#index as HTML
  Rendering appointments/index.html.erb within layouts/application
  Rendered appointments/index.html.erb within layouts/application (0.6ms)
Completed 200 OK in 1370ms (Views: 1356.6ms | ActiveRecord: 0.8ms)


Started GET "/" for 127.0.0.1 at 2017-12-06 21:41:42 -0800
  
LoadError (cannot load such file -- /Users/botilko/React/ReactCallendar/config/routes.rb):
  
activesupport (5.1.4) lib/active_support/dependencies.rb:286:in `load'
activesupport (5.1.4) lib/active_support/dependencies.rb:286:in `block in load'
activesupport (5.1.4) lib/active_support/dependencies.rb:258:in `load_dependency'
activesupport (5.1.4) lib/active_support/dependencies.rb:286:in `load'
railties (5.1.4) lib/rails/application/routes_reloader.rb:55:in `block in load_paths'
railties (5.1.4) lib/rails/application/routes_reloader.rb:55:in `each'
railties (5.1.4) lib/rails/application/routes_reloader.rb:55:in `load_paths'
railties (5.1.4) lib/rails/application/routes_reloader.rb:18:in `reload!'
railties (5.1.4) lib/rails/application/routes_reloader.rb:41:in `block in updater'
activesupport (5.1.4) lib/active_support/file_update_checker.rb:81:in `execute'
railties (5.1.4) lib/rails/application/routes_reloader.rb:25:in `execute'
railties (5.1.4) lib/rails/application/finisher.rb:141:in `block (2 levels) in <module:Finisher>'
activesupport (5.1.4) lib/active_support/callbacks.rb:413:in `instance_exec'
activesupport (5.1.4) lib/active_support/callbacks.rb:413:in `block in make_lambda'
activesupport (5.1.4) lib/active_support/callbacks.rb:197:in `block (2 levels) in halting'
activesupport (5.1.4) lib/active_support/callbacks.rb:601:in `block (2 levels) in default_terminator'
activesupport (5.1.4) lib/active_support/callbacks.rb:600:in `catch'
activesupport (5.1.4) lib/active_support/callbacks.rb:600:in `block in default_terminator'
activesupport (5.1.4) lib/active_support/callbacks.rb:198:in `block in halting'
activesupport (5.1.4) lib/active_support/callbacks.rb:507:in `block in invoke_before'
activesupport (5.1.4) lib/active_support/callbacks.rb:507:in `each'
activesupport (5.1.4) lib/active_support/callbacks.rb:507:in `invoke_before'
activesupport (5.1.4) lib/active_support/callbacks.rb:130:in `run_callbacks'
activesupport (5.1.4) lib/active_support/execution_wrapper.rb:108:in `run!'
activesupport (5.1.4) lib/active_support/reloader.rb:113:in `run!'
activesupport (5.1.4) lib/active_support/execution_wrapper.rb:70:in `block in run!'
activesupport (5.1.4) lib/active_support/execution_wrapper.rb:67:in `tap'
activesupport (5.1.4) lib/active_support/execution_wrapper.rb:67:in `run!'
activesupport (5.1.4) lib/active_support/reloader.rb:59:in `run!'
actionpack (5.1.4) lib/action_dispatch/middleware/executor.rb:10:in `call'
actionpack (5.1.4) lib/action_dispatch/middleware/debug_exceptions.rb:59:in `call'
web-console (3.5.1) lib/web_console/middleware.rb:135:in `call_app'
web-console (3.5.1) lib/web_console/middleware.rb:28:in `block in call'
web-console (3.5.1) lib/web_console/middleware.rb:18:in `catch'
web-console (3.5.1) lib/web_console/middleware.rb:18:in `call'
actionpack (5.1.4) lib/action_dispatch/middleware/show_exceptions.rb:31:in `call'
railties (5.1.4) lib/rails/rack/logger.rb:36:in `call_app'
railties (5.1.4) lib/rails/rack/logger.rb:24:in `block in call'
activesupport (5.1.4) lib/active_support/tagged_logging.rb:69:in `block in tagged'
activesupport (5.1.4) lib/active_support/tagged_logging.rb:26:in `tagged'
activesupport (5.1.4) lib/active_support/tagged_logging.rb:69:in `tagged'
railties (5.1.4) lib/rails/rack/logger.rb:24:in `call'
sprockets-rails (3.2.1) lib/sprockets/rails/quiet_assets.rb:13:in `call'
actionpack (5.1.4) lib/action_dispatch/middleware/remote_ip.rb:79:in `call'
actionpack (5.1.4) lib/action_dispatch/middleware/request_id.rb:25:in `call'
rack (2.0.3) lib/rack/method_override.rb:22:in `call'
rack (2.0.3) lib/rack/runtime.rb:22:in `call'
activesupport (5.1.4) lib/active_support/cache/strategy/local_cache_middleware.rb:27:in `call'
actionpack (5.1.4) lib/action_dispatch/middleware/executor.rb:12:in `call'
actionpack (5.1.4) lib/action_dispatch/middleware/static.rb:125:in `call'
rack (2.0.3) lib/rack/sendfile.rb:111:in `call'
railties (5.1.4) lib/rails/engine.rb:522:in `call'
puma (3.11.0) lib/puma/configuration.rb:225:in `call'
puma (3.11.0) lib/puma/server.rb:624:in `handle_request'
puma (3.11.0) lib/puma/server.rb:438:in `process_client'
puma (3.11.0) lib/puma/server.rb:302:in `block in run'
puma (3.11.0) lib/puma/thread_pool.rb:120:in `block in spawn_thread'
Started GET "/" for 127.0.0.1 at 2017-12-06 21:43:31 -0800
  [1m[35m (0.2ms)[0m  [1m[34mSELECT "schema_migrations"."version" FROM "schema_migrations" ORDER BY "schema_migrations"."version" ASC[0m
Processing by AppointmentsController#index as HTML
  Rendering appointments/index.html.erb within layouts/application
  Rendered appointments/index.html.erb within layouts/application (1.1ms)
Completed 200 OK in 2391ms (Views: 2370.9ms | ActiveRecord: 0.6ms)


Started GET "/" for 127.0.0.1 at 2017-12-06 21:44:38 -0800
Processing by AppointmentsController#index as HTML
  Rendering appointments/index.html.erb within layouts/application
  Rendered appointments/index.html.erb within layouts/application (0.5ms)
Completed 200 OK in 113ms (Views: 109.8ms | ActiveRecord: 0.0ms)


Started GET "/" for 127.0.0.1 at 2017-12-06 21:44:55 -0800
Processing by AppointmentsController#index as HTML
  Rendering appointments/index.html.haml within layouts/application
  Rendered appointments/index.html.haml within layouts/application (14.8ms)
Completed 200 OK in 51ms (Views: 47.1ms | ActiveRecord: 0.0ms)


Started GET "/" for 127.0.0.1 at 2017-12-06 21:54:47 -0800
Processing by AppointmentsController#index as HTML
  Rendering appointments/index.html.haml within layouts/application
  Rendered appointments/index.html.haml within layouts/application (2.8ms)
Completed 200 OK in 75ms (Views: 70.8ms | ActiveRecord: 0.0ms)


Started GET "/" for 127.0.0.1 at 2017-12-06 21:58:20 -0800
Processing by AppointmentsController#index as HTML
  Rendering appointments/index.html.haml within layouts/application
  [1m[36mAppointment Load (1.6ms)[0m  [1m[34mSELECT "appointments".* FROM "appointments" ORDER BY appt_time ASC[0m
  Rendered appointments/index.html.haml within layouts/application (10.0ms)
Completed 200 OK in 50ms (Views: 46.2ms | ActiveRecord: 1.6ms)


Started GET "/" for 127.0.0.1 at 2017-12-06 22:12:27 -0800
Processing by AppointmentsController#index as HTML
  Rendering appointments/index.html.haml within layouts/application
  [1m[36mAppointment Load (0.2ms)[0m  [1m[34mSELECT "appointments".* FROM "appointments" ORDER BY appt_time ASC[0m
  Rendered appointments/index.html.haml within layouts/application (4.1ms)
Completed 500 Internal Server Error in 31ms (ActiveRecord: 0.2ms)


  
ActionView::Template::Error (Invalid CSS after "	width": expected "{", was "; 500px;"):
    4:     <title>Calreact</title>
    5:     <%= csrf_meta_tags %>
    6: 
    7:     <%= stylesheet_link_tag    'application', media: 'all', 'data-turbolinks-track': 'reload' %>
    8:     <%= javascript_include_tag 'application', 'data-turbolinks-track': 'reload' %>
    9:   </head>
   10: 
  
app/assets/stylesheets/appointments.scss:6
app/views/layouts/application.html.erb:7:in `_app_views_layouts_application_html_erb___3288127438153377156_70240228554740'
Started GET "/" for 127.0.0.1 at 2017-12-06 22:12:39 -0800
Processing by AppointmentsController#index as HTML
  Rendering appointments/index.html.haml within layouts/application
  [1m[36mAppointment Load (0.2ms)[0m  [1m[34mSELECT "appointments".* FROM "appointments" ORDER BY appt_time ASC[0m
  Rendered appointments/index.html.haml within layouts/application (4.7ms)
Completed 200 OK in 61ms (Views: 58.1ms | ActiveRecord: 0.2ms)


Started POST "/appointments" for 127.0.0.1 at 2017-12-06 22:13:10 -0800
  
AbstractController::ActionNotFound (The action 'create' could not be found for AppointmentsController):
  
actionpack (5.1.4) lib/abstract_controller/base.rb:119:in `process'
actionview (5.1.4) lib/action_view/rendering.rb:30:in `process'
actionpack (5.1.4) lib/action_controller/metal.rb:189:in `dispatch'
actionpack (5.1.4) lib/action_controller/metal.rb:253:in `dispatch'
actionpack (5.1.4) lib/action_dispatch/routing/route_set.rb:49:in `dispatch'
actionpack (5.1.4) lib/action_dispatch/routing/route_set.rb:31:in `serve'
actionpack (5.1.4) lib/action_dispatch/journey/router.rb:50:in `block in serve'
actionpack (5.1.4) lib/action_dispatch/journey/router.rb:33:in `each'
actionpack (5.1.4) lib/action_dispatch/journey/router.rb:33:in `serve'
actionpack (5.1.4) lib/action_dispatch/routing/route_set.rb:834:in `call'
rack (2.0.3) lib/rack/etag.rb:25:in `call'
rack (2.0.3) lib/rack/conditional_get.rb:38:in `call'
rack (2.0.3) lib/rack/head.rb:12:in `call'
rack (2.0.3) lib/rack/session/abstract/id.rb:232:in `context'
rack (2.0.3) lib/rack/session/abstract/id.rb:226:in `call'
actionpack (5.1.4) lib/action_dispatch/middleware/cookies.rb:613:in `call'
activerecord (5.1.4) lib/active_record/migration.rb:556:in `call'
actionpack (5.1.4) lib/action_dispatch/middleware/callbacks.rb:26:in `block in call'
activesupport (5.1.4) lib/active_support/callbacks.rb:97:in `run_callbacks'
actionpack (5.1.4) lib/action_dispatch/middleware/callbacks.rb:24:in `call'
actionpack (5.1.4) lib/action_dispatch/middleware/executor.rb:12:in `call'
actionpack (5.1.4) lib/action_dispatch/middleware/debug_exceptions.rb:59:in `call'
web-console (3.5.1) lib/web_console/middleware.rb:135:in `call_app'
web-console (3.5.1) lib/web_console/middleware.rb:28:in `block in call'
web-console (3.5.1) lib/web_console/middleware.rb:18:in `catch'
web-console (3.5.1) lib/web_console/middleware.rb:18:in `call'
actionpack (5.1.4) lib/action_dispatch/middleware/show_exceptions.rb:31:in `call'
railties (5.1.4) lib/rails/rack/logger.rb:36:in `call_app'
railties (5.1.4) lib/rails/rack/logger.rb:24:in `block in call'
activesupport (5.1.4) lib/active_support/tagged_logging.rb:69:in `block in tagged'
activesupport (5.1.4) lib/active_support/tagged_logging.rb:26:in `tagged'
activesupport (5.1.4) lib/active_support/tagged_logging.rb:69:in `tagged'
railties (5.1.4) lib/rails/rack/logger.rb:24:in `call'
sprockets-rails (3.2.1) lib/sprockets/rails/quiet_assets.rb:13:in `call'
actionpack (5.1.4) lib/action_dispatch/middleware/remote_ip.rb:79:in `call'
actionpack (5.1.4) lib/action_dispatch/middleware/request_id.rb:25:in `call'
rack (2.0.3) lib/rack/method_override.rb:22:in `call'
rack (2.0.3) lib/rack/runtime.rb:22:in `call'
activesupport (5.1.4) lib/active_support/cache/strategy/local_cache_middleware.rb:27:in `call'
actionpack (5.1.4) lib/action_dispatch/middleware/executor.rb:12:in `call'
actionpack (5.1.4) lib/action_dispatch/middleware/static.rb:125:in `call'
rack (2.0.3) lib/rack/sendfile.rb:111:in `call'
railties (5.1.4) lib/rails/engine.rb:522:in `call'
puma (3.11.0) lib/puma/configuration.rb:225:in `call'
puma (3.11.0) lib/puma/server.rb:624:in `handle_request'
puma (3.11.0) lib/puma/server.rb:438:in `process_client'
puma (3.11.0) lib/puma/server.rb:302:in `block in run'
puma (3.11.0) lib/puma/thread_pool.rb:120:in `block in spawn_thread'
Started POST "/appointments" for 127.0.0.1 at 2017-12-06 22:18:44 -0800
Processing by AppointmentsController#create as HTML
  Parameters: {"utf8"=>"✓", "authenticity_token"=>"Vk+V2/eZGLL41yf9RRtZV4OMhQF3MsFl681Hmu2tenqGDdh6mM0GQcvvrcQ1DFUiLZPqR2VjUDkD0A2Pg5L9pQ==", "appointment"=>{"title"=>"s", "appt_time"=>"s"}, "commit"=>"Make appointment"}
  [1m[35m (0.1ms)[0m  [1m[36mbegin transaction[0m
  [1m[35mSQL (1.8ms)[0m  [1m[32mINSERT INTO "appointments" ("title", "created_at", "updated_at") VALUES (?, ?, ?)[0m  [["title", "s"], ["created_at", "2017-12-07 06:18:44.853837"], ["updated_at", "2017-12-07 06:18:44.853837"]]
  [1m[35m (1.8ms)[0m  [1m[36mcommit transaction[0m
Redirected to http://localhost:3000/
Completed 302 Found in 21ms (ActiveRecord: 4.5ms)


Started GET "/" for 127.0.0.1 at 2017-12-06 22:18:44 -0800
Processing by AppointmentsController#index as HTML
  Rendering appointments/index.html.haml within layouts/application
  [1m[36mAppointment Load (1.4ms)[0m  [1m[34mSELECT "appointments".* FROM "appointments" ORDER BY appt_time ASC[0m
  Rendered appointments/index.html.haml within layouts/application (8.6ms)
Completed 200 OK in 41ms (Views: 36.4ms | ActiveRecord: 1.4ms)


Started POST "/appointments" for 127.0.0.1 at 2017-12-06 22:19:33 -0800
Processing by AppointmentsController#create as HTML
  Parameters: {"utf8"=>"✓", "authenticity_token"=>"fYbv9egjK5bre5wta4tQQUO1X3VAOZdiTdKovFy/Uz2txKJUh3c1ZdhDFhQbnFw07aowM1JoBj6lz+KpMoDU4g==", "appointment"=>{"title"=>"Meet someone", "appt_time"=>"21/02/2018 6:14pm"}, "commit"=>"Make appointment"}
  [1m[35m (0.1ms)[0m  [1m[36mbegin transaction[0m
  [1m[35mSQL (0.5ms)[0m  [1m[32mINSERT INTO "appointments" ("title", "appt_time", "created_at", "updated_at") VALUES (?, ?, ?, ?)[0m  [["title", "Meet someone"], ["appt_time", "2018-02-21 18:14:00"], ["created_at", "2017-12-07 06:19:33.609768"], ["updated_at", "2017-12-07 06:19:33.609768"]]
  [1m[35m (1.5ms)[0m  [1m[36mcommit transaction[0m
Redirected to http://localhost:3000/
Completed 302 Found in 8ms (ActiveRecord: 2.1ms)


Started GET "/" for 127.0.0.1 at 2017-12-06 22:19:33 -0800
Processing by AppointmentsController#index as HTML
  Rendering appointments/index.html.haml within layouts/application
  [1m[36mAppointment Load (0.2ms)[0m  [1m[34mSELECT "appointments".* FROM "appointments" ORDER BY appt_time ASC[0m
  Rendered appointments/index.html.haml within layouts/application (4.3ms)
Completed 200 OK in 35ms (Views: 32.2ms | ActiveRecord: 0.2ms)


Started POST "/appointments" for 127.0.0.1 at 2017-12-06 22:28:51 -0800
Processing by AppointmentsController#create as HTML
  Parameters: {"utf8"=>"✓", "authenticity_token"=>"5slmSQKA9wc3St1mZJy8zrkgtaKjoVdwHyyVu/aSfvU2iyvobdTp9ARyV18Ui7C7Fz/a5LHwxiz3Md+umK35Kg==", "appointment"=>{"title"=>"Euro trip", "appt_time"=>"5 July 2018"}, "commit"=>"Make appointment"}
  [1m[35m (0.1ms)[0m  [1m[36mbegin transaction[0m
  [1m[35mSQL (0.6ms)[0m  [1m[32mINSERT INTO "appointments" ("title", "appt_time", "created_at", "updated_at") VALUES (?, ?, ?, ?)[0m  [["title", "Euro trip"], ["appt_time", "2018-07-05 00:00:00"], ["created_at", "2017-12-07 06:28:51.894783"], ["updated_at", "2017-12-07 06:28:51.894783"]]
  [1m[35m (1.7ms)[0m  [1m[36mcommit transaction[0m
Redirected to http://localhost:3000/
Completed 302 Found in 7ms (ActiveRecord: 2.5ms)


Started GET "/" for 127.0.0.1 at 2017-12-06 22:28:51 -0800
Processing by AppointmentsController#index as HTML
  Rendering appointments/index.html.haml within layouts/application
  Rendered appointments/index.html.haml within layouts/application (13.6ms)
Completed 500 Internal Server Error in 23ms (ActiveRecord: 0.0ms)


  
ActionView::Template::Error (Missing partial appointments/_appoinments, application/_appoinments with {:locale=>[:en], :formats=>[:html], :variants=>[], :handlers=>[:raw, :erb, :html, :builder, :ruby, :coffee, :jbuilder, :haml]}. Searched in:
  * "/Users/botilko/React/ReactCalendar/app/views"
):
    10: 	= f.submit 'Make appointment'
    11: 
    12: 	#appointments
    13: 	= render 'appoinments'
  
app/views/appointments/index.html.haml:13:in `block in _app_views_appointments_index_html_haml__2283345408465290395_70240294888040'
app/views/appointments/index.html.haml:7:in `_app_views_appointments_index_html_haml__2283345408465290395_70240294888040'
Started GET "/" for 127.0.0.1 at 2017-12-06 22:29:43 -0800
Processing by AppointmentsController#index as HTML
  Rendering appointments/index.html.haml within layouts/application
  [1m[36mAppointment Load (0.4ms)[0m  [1m[34mSELECT "appointments".* FROM "appointments" ORDER BY appt_time ASC[0m
  Rendered appointments/_appointments.html.haml (3.7ms)
  Rendered appointments/index.html.haml within layouts/application (10.3ms)
Completed 200 OK in 48ms (Views: 45.9ms | ActiveRecord: 0.4ms)


Started POST "/appointments" for 127.0.0.1 at 2017-12-06 22:30:11 -0800
Processing by AppointmentsController#create as JS
  Parameters: {"utf8"=>"✓", "appointment"=>{"title"=>"Look for jobs", "appt_time"=>"5 dec 2017"}, "commit"=>"Make appointment"}
  [1m[35m (0.1ms)[0m  [1m[36mbegin transaction[0m
  [1m[35mSQL (0.3ms)[0m  [1m[32mINSERT INTO "appointments" ("title", "appt_time", "created_at", "updated_at") VALUES (?, ?, ?, ?)[0m  [["title", "Look for jobs"], ["appt_time", "2017-12-05 00:00:00"], ["created_at", "2017-12-07 06:30:11.529363"], ["updated_at", "2017-12-07 06:30:11.529363"]]
  [1m[35m (1.7ms)[0m  [1m[36mcommit transaction[0m
Redirected to http://localhost:3000/
Completed 200 OK in 7ms (ActiveRecord: 2.2ms)


Started GET "/" for 127.0.0.1 at 2017-12-06 22:30:11 -0800
Processing by AppointmentsController#index as HTML
  Rendering appointments/index.html.haml within layouts/application
  [1m[36mAppointment Load (0.4ms)[0m  [1m[34mSELECT "appointments".* FROM "appointments" ORDER BY appt_time ASC[0m
  Rendered appointments/_appointments.html.haml (5.1ms)
  Rendered appointments/index.html.haml within layouts/application (15.1ms)
Completed 200 OK in 63ms (Views: 57.8ms | ActiveRecord: 0.4ms)


Started GET "/" for 127.0.0.1 at 2017-12-06 22:37:40 -0800
Processing by AppointmentsController#index as HTML
  Rendering appointments/index.html.haml within layouts/application
  [1m[36mAppointment Load (0.2ms)[0m  [1m[34mSELECT "appointments".* FROM "appointments" ORDER BY appt_time ASC[0m
  Rendered appointments/_appointments.html.haml (2.9ms)
  Rendered appointments/index.html.haml within layouts/application (8.3ms)
Completed 200 OK in 48ms (Views: 45.5ms | ActiveRecord: 0.2ms)


Started GET "/" for 127.0.0.1 at 2017-12-07 14:54:05 -0800
  [1m[35m (1.6ms)[0m  [1m[34mSELECT "schema_migrations"."version" FROM "schema_migrations" ORDER BY "schema_migrations"."version" ASC[0m
Processing by AppointmentsController#index as HTML
  Rendering appointments/index.html.haml within layouts/application
  [1m[36mAppointment Load (1.4ms)[0m  [1m[34mSELECT "appointments".* FROM "appointments" ORDER BY appt_time ASC[0m
  Rendered appointments/_appointments.html.haml (8.2ms)
  Rendered appointments/index.html.haml within layouts/application (31.0ms)
Completed 200 OK in 546ms (Views: 523.7ms | ActiveRecord: 2.1ms)


Started GET "/" for 127.0.0.1 at 2017-12-07 15:05:54 -0800
Processing by AppointmentsController#index as HTML
  Rendering appointments/index.html.haml within layouts/application
  [1m[36mAppointment Load (0.2ms)[0m  [1m[34mSELECT "appointments".* FROM "appointments" ORDER BY appt_time ASC[0m
  Rendered appointments/_appointments.html.haml (717.9ms)
  Rendered appointments/index.html.haml within layouts/application (724.4ms)
Completed 500 Internal Server Error in 732ms (ActiveRecord: 0.7ms)


  
ActionView::Template::Error (undefined local variable or method `delte' for #<#<Class:0x007fe135963890>:0x007fe13770be60>):
    1: -@appointments.each do |a|
    2: 		%h3= a.title
    3: 		%p= a.appt_time	
    4: 		%button= delte
  
app/views/appointments/_appointments.html.haml:4:in `block in _app_views_appointments__appointments_html_haml___2971845356134557493_70302652466340'
app/views/appointments/_appointments.html.haml:1:in `_app_views_appointments__appointments_html_haml___2971845356134557493_70302652466340'
app/views/appointments/index.html.haml:13:in `block in _app_views_appointments_index_html_haml___350253560208278892_70302653418680'
app/views/appointments/index.html.haml:7:in `_app_views_appointments_index_html_haml___350253560208278892_70302653418680'
Started GET "/" for 127.0.0.1 at 2017-12-07 15:06:14 -0800
Processing by AppointmentsController#index as HTML
  Rendering appointments/index.html.haml within layouts/application
  [1m[36mAppointment Load (0.2ms)[0m  [1m[34mSELECT "appointments".* FROM "appointments" ORDER BY appt_time ASC[0m
  Rendered appointments/_appointments.html.haml (558.5ms)
  Rendered appointments/index.html.haml within layouts/application (562.9ms)
Completed 500 Internal Server Error in 574ms (ActiveRecord: 0.2ms)


  
ActionView::Template::Error (undefined local variable or method `delete' for #<#<Class:0x007fe135963890>:0x007fe13ab74e68>):
    1: -@appointments.each do |a|
    2: 		%h3= a.title
    3: 		%p= a.appt_time	
    4: 		%button= delete
  
app/views/appointments/_appointments.html.haml:4:in `block in _app_views_appointments__appointments_html_haml___2971845356134557493_70302668023200'
app/views/appointments/_appointments.html.haml:1:in `_app_views_appointments__appointments_html_haml___2971845356134557493_70302668023200'
app/views/appointments/index.html.haml:13:in `block in _app_views_appointments_index_html_haml___350253560208278892_70302664731760'
app/views/appointments/index.html.haml:7:in `_app_views_appointments_index_html_haml___350253560208278892_70302664731760'
Started GET "/" for 127.0.0.1 at 2017-12-07 15:06:39 -0800
Processing by AppointmentsController#index as HTML
  Rendering appointments/index.html.haml within layouts/application
  [1m[36mAppointment Load (0.2ms)[0m  [1m[34mSELECT "appointments".* FROM "appointments" ORDER BY appt_time ASC[0m
  Rendered appointments/_appointments.html.haml (3.1ms)
  Rendered appointments/index.html.haml within layouts/application (7.3ms)
Completed 200 OK in 37ms (Views: 34.3ms | ActiveRecord: 0.2ms)


Started POST "/appointments" for 127.0.0.1 at 2017-12-07 15:06:52 -0800
Processing by AppointmentsController#create as JS
  Parameters: {"utf8"=>"✓", "appointment"=>{"title"=>"", "appt_time"=>""}}
  [1m[35m (0.1ms)[0m  [1m[36mbegin transaction[0m
  [1m[35mSQL (1.8ms)[0m  [1m[32mINSERT INTO "appointments" ("title", "created_at", "updated_at") VALUES (?, ?, ?)[0m  [["title", ""], ["created_at", "2017-12-07 23:06:52.343579"], ["updated_at", "2017-12-07 23:06:52.343579"]]
  [1m[35m (2.0ms)[0m  [1m[36mcommit transaction[0m
Redirected to http://localhost:3000/
Completed 200 OK in 8ms (ActiveRecord: 3.9ms)


Started GET "/" for 127.0.0.1 at 2017-12-07 15:06:52 -0800
Processing by AppointmentsController#index as HTML
  Rendering appointments/index.html.haml within layouts/application
  [1m[36mAppointment Load (0.3ms)[0m  [1m[34mSELECT "appointments".* FROM "appointments" ORDER BY appt_time ASC[0m
  Rendered appointments/_appointments.html.haml (4.4ms)
  Rendered appointments/index.html.haml within layouts/application (13.5ms)
Completed 200 OK in 49ms (Views: 45.1ms | ActiveRecord: 0.3ms)


Started POST "/appointments" for 127.0.0.1 at 2017-12-07 15:06:54 -0800
Processing by AppointmentsController#create as JS
  Parameters: {"utf8"=>"✓", "appointment"=>{"title"=>"", "appt_time"=>""}}
  [1m[35m (0.1ms)[0m  [1m[36mbegin transaction[0m
  [1m[35mSQL (0.5ms)[0m  [1m[32mINSERT INTO "appointments" ("title", "created_at", "updated_at") VALUES (?, ?, ?)[0m  [["title", ""], ["created_at", "2017-12-07 23:06:54.619726"], ["updated_at", "2017-12-07 23:06:54.619726"]]
  [1m[35m (1.6ms)[0m  [1m[36mcommit transaction[0m
Redirected to http://localhost:3000/
Completed 200 OK in 8ms (ActiveRecord: 2.2ms)


Started GET "/" for 127.0.0.1 at 2017-12-07 15:06:54 -0800
Processing by AppointmentsController#index as HTML
  Rendering appointments/index.html.haml within layouts/application
  [1m[36mAppointment Load (0.4ms)[0m  [1m[34mSELECT "appointments".* FROM "appointments" ORDER BY appt_time ASC[0m
  Rendered appointments/_appointments.html.haml (5.6ms)
  Rendered appointments/index.html.haml within layouts/application (14.3ms)
Completed 200 OK in 51ms (Views: 47.6ms | ActiveRecord: 0.4ms)


Started POST "/appointments" for 127.0.0.1 at 2017-12-07 15:06:55 -0800
Processing by AppointmentsController#create as JS
  Parameters: {"utf8"=>"✓", "appointment"=>{"title"=>"", "appt_time"=>""}}
  [1m[35m (0.1ms)[0m  [1m[36mbegin transaction[0m
  [1m[35mSQL (0.3ms)[0m  [1m[32mINSERT INTO "appointments" ("title", "created_at", "updated_at") VALUES (?, ?, ?)[0m  [["title", ""], ["created_at", "2017-12-07 23:06:55.714844"], ["updated_at", "2017-12-07 23:06:55.714844"]]
  [1m[35m (1.6ms)[0m  [1m[36mcommit transaction[0m
Redirected to http://localhost:3000/
Completed 200 OK in 5ms (ActiveRecord: 2.0ms)


Started GET "/" for 127.0.0.1 at 2017-12-07 15:06:55 -0800
Processing by AppointmentsController#index as HTML
  Rendering appointments/index.html.haml within layouts/application
  [1m[36mAppointment Load (0.3ms)[0m  [1m[34mSELECT "appointments".* FROM "appointments" ORDER BY appt_time ASC[0m
  Rendered appointments/_appointments.html.haml (4.2ms)
  Rendered appointments/index.html.haml within layouts/application (10.0ms)
Completed 200 OK in 57ms (Views: 52.0ms | ActiveRecord: 0.3ms)


Started POST "/appointments" for 127.0.0.1 at 2017-12-07 15:06:56 -0800
Processing by AppointmentsController#create as JS
  Parameters: {"utf8"=>"✓", "appointment"=>{"title"=>"", "appt_time"=>""}}
  [1m[35m (0.1ms)[0m  [1m[36mbegin transaction[0m
  [1m[35mSQL (0.3ms)[0m  [1m[32mINSERT INTO "appointments" ("title", "created_at", "updated_at") VALUES (?, ?, ?)[0m  [["title", ""], ["created_at", "2017-12-07 23:06:56.614860"], ["updated_at", "2017-12-07 23:06:56.614860"]]
  [1m[35m (1.7ms)[0m  [1m[36mcommit transaction[0m
Redirected to http://localhost:3000/
Completed 200 OK in 5ms (ActiveRecord: 2.1ms)


Started GET "/" for 127.0.0.1 at 2017-12-07 15:06:56 -0800
Processing by AppointmentsController#index as HTML
  Rendering appointments/index.html.haml within layouts/application
  [1m[36mAppointment Load (0.4ms)[0m  [1m[34mSELECT "appointments".* FROM "appointments" ORDER BY appt_time ASC[0m
  Rendered appointments/_appointments.html.haml (5.1ms)
  Rendered appointments/index.html.haml within layouts/application (13.4ms)
Completed 200 OK in 59ms (Views: 55.6ms | ActiveRecord: 0.4ms)


Started POST "/appointments" for 127.0.0.1 at 2017-12-07 15:06:58 -0800
Processing by AppointmentsController#create as JS
  Parameters: {"utf8"=>"✓", "appointment"=>{"title"=>"", "appt_time"=>""}}
  [1m[35m (0.1ms)[0m  [1m[36mbegin transaction[0m
  [1m[35mSQL (0.7ms)[0m  [1m[32mINSERT INTO "appointments" ("title", "created_at", "updated_at") VALUES (?, ?, ?)[0m  [["title", ""], ["created_at", "2017-12-07 23:06:58.273215"], ["updated_at", "2017-12-07 23:06:58.273215"]]
  [1m[35m (1.6ms)[0m  [1m[36mcommit transaction[0m
Redirected to http://localhost:3000/
Completed 200 OK in 9ms (ActiveRecord: 2.4ms)


Started GET "/" for 127.0.0.1 at 2017-12-07 15:06:58 -0800
Processing by AppointmentsController#index as HTML
  Rendering appointments/index.html.haml within layouts/application
  [1m[36mAppointment Load (0.3ms)[0m  [1m[34mSELECT "appointments".* FROM "appointments" ORDER BY appt_time ASC[0m
  Rendered appointments/_appointments.html.haml (4.9ms)
  Rendered appointments/index.html.haml within layouts/application (14.8ms)
Completed 200 OK in 56ms (Views: 51.5ms | ActiveRecord: 0.3ms)


Started GET "/" for 127.0.0.1 at 2017-12-07 15:07:00 -0800
Processing by AppointmentsController#index as HTML
  Rendering appointments/index.html.haml within layouts/application
  [1m[36mAppointment Load (0.2ms)[0m  [1m[34mSELECT "appointments".* FROM "appointments" ORDER BY appt_time ASC[0m
  Rendered appointments/_appointments.html.haml (3.8ms)
  Rendered appointments/index.html.haml within layouts/application (8.7ms)
Completed 200 OK in 51ms (Views: 48.5ms | ActiveRecord: 0.2ms)


Started GET "/" for 127.0.0.1 at 2017-12-07 15:07:04 -0800
Processing by AppointmentsController#index as HTML
  Rendering appointments/index.html.haml within layouts/application
  [1m[36mAppointment Load (0.2ms)[0m  [1m[34mSELECT "appointments".* FROM "appointments" ORDER BY appt_time ASC[0m
  Rendered appointments/_appointments.html.haml (4.0ms)
  Rendered appointments/index.html.haml within layouts/application (9.1ms)
Completed 200 OK in 53ms (Views: 49.1ms | ActiveRecord: 0.2ms)


Started GET "/" for 127.0.0.1 at 2017-12-07 15:07:14 -0800
Processing by AppointmentsController#index as HTML
  Rendering appointments/index.html.haml within layouts/application
  [1m[36mAppointment Load (0.2ms)[0m  [1m[34mSELECT "appointments".* FROM "appointments" ORDER BY appt_time ASC[0m
  Rendered appointments/_appointments.html.haml (4.2ms)
  Rendered appointments/index.html.haml within layouts/application (9.8ms)
Completed 200 OK in 48ms (Views: 44.9ms | ActiveRecord: 0.2ms)


Started POST "/appointments" for 127.0.0.1 at 2017-12-07 15:07:33 -0800
Processing by AppointmentsController#create as JS
  Parameters: {"utf8"=>"✓", "appointment"=>{"title"=>"", "appt_time"=>""}, "commit"=>"Make appointment"}
  [1m[35m (0.1ms)[0m  [1m[36mbegin transaction[0m
  [1m[35mSQL (0.3ms)[0m  [1m[32mINSERT INTO "appointments" ("title", "created_at", "updated_at") VALUES (?, ?, ?)[0m  [["title", ""], ["created_at", "2017-12-07 23:07:33.586653"], ["updated_at", "2017-12-07 23:07:33.586653"]]
  [1m[35m (1.6ms)[0m  [1m[36mcommit transaction[0m
Redirected to http://localhost:3000/
Completed 200 OK in 6ms (ActiveRecord: 2.0ms)


Started GET "/" for 127.0.0.1 at 2017-12-07 15:07:33 -0800
Processing by AppointmentsController#index as HTML
  Rendering appointments/index.html.haml within layouts/application
  [1m[36mAppointment Load (0.4ms)[0m  [1m[34mSELECT "appointments".* FROM "appointments" ORDER BY appt_time ASC[0m
  Rendered appointments/_appointments.html.haml (5.1ms)
  Rendered appointments/index.html.haml within layouts/application (13.6ms)
Completed 200 OK in 55ms (Views: 51.1ms | ActiveRecord: 0.4ms)


Started POST "/appointments" for 127.0.0.1 at 2017-12-07 15:07:34 -0800
Processing by AppointmentsController#create as JS
  Parameters: {"utf8"=>"✓", "appointment"=>{"title"=>"", "appt_time"=>""}, "commit"=>"Make appointment"}
  [1m[35m (0.1ms)[0m  [1m[36mbegin transaction[0m
  [1m[35mSQL (0.6ms)[0m  [1m[32mINSERT INTO "appointments" ("title", "created_at", "updated_at") VALUES (?, ?, ?)[0m  [["title", ""], ["created_at", "2017-12-07 23:07:34.123196"], ["updated_at", "2017-12-07 23:07:34.123196"]]
  [1m[35m (1.7ms)[0m  [1m[36mcommit transaction[0m
Redirected to http://localhost:3000/
Completed 200 OK in 7ms (ActiveRecord: 2.4ms)


Started GET "/" for 127.0.0.1 at 2017-12-07 15:07:34 -0800
Processing by AppointmentsController#index as HTML
  Rendering appointments/index.html.haml within layouts/application
  [1m[36mAppointment Load (0.6ms)[0m  [1m[34mSELECT "appointments".* FROM "appointments" ORDER BY appt_time ASC[0m
  Rendered appointments/_appointments.html.haml (6.1ms)
  Rendered appointments/index.html.haml within layouts/application (14.6ms)
Completed 200 OK in 61ms (Views: 56.4ms | ActiveRecord: 0.6ms)


Started GET "/" for 127.0.0.1 at 2017-12-07 15:11:38 -0800
  [1m[35m (0.1ms)[0m  [1m[34mSELECT "schema_migrations"."version" FROM "schema_migrations" ORDER BY "schema_migrations"."version" ASC[0m
Processing by AppointmentsController#index as HTML
  Rendering appointments/index.html.haml within layouts/application
  [1m[36mAppointment Load (0.3ms)[0m  [1m[34mSELECT "appointments".* FROM "appointments" ORDER BY appt_time ASC[0m
  Rendered appointments/_appointments.html.haml (4.8ms)
  Rendered appointments/index.html.haml within layouts/application (16.3ms)
Completed 200 OK in 421ms (Views: 402.5ms | ActiveRecord: 0.9ms)


Started GET "/" for 127.0.0.1 at 2017-12-07 15:11:40 -0800
Processing by AppointmentsController#index as HTML
  Rendering appointments/index.html.haml within layouts/application
  [1m[36mAppointment Load (0.2ms)[0m  [1m[34mSELECT "appointments".* FROM "appointments" ORDER BY appt_time ASC[0m
  Rendered appointments/_appointments.html.haml (4.2ms)
  Rendered appointments/index.html.haml within layouts/application (9.1ms)
Completed 200 OK in 51ms (Views: 48.2ms | ActiveRecord: 0.4ms)


Started POST "/appointments" for 127.0.0.1 at 2017-12-07 15:20:01 -0800
Processing by AppointmentsController#create as JS
  Parameters: {"utf8"=>"✓", "appointment"=>{"title"=>"Go to DBC meeting", "appt_time"=>"Jan 01 2018"}, "commit"=>"Make appointment"}
  [1m[35m (0.1ms)[0m  [1m[36mbegin transaction[0m
  [1m[35mSQL (0.4ms)[0m  [1m[32mINSERT INTO "appointments" ("title", "appt_time", "created_at", "updated_at") VALUES (?, ?, ?, ?)[0m  [["title", "Go to DBC meeting"], ["appt_time", "2018-01-01 00:00:00"], ["created_at", "2017-12-07 23:20:01.006202"], ["updated_at", "2017-12-07 23:20:01.006202"]]
  [1m[35m (1.5ms)[0m  [1m[36mcommit transaction[0m
Redirected to http://localhost:3000/
Completed 200 OK in 7ms (ActiveRecord: 2.0ms)


Started GET "/" for 127.0.0.1 at 2017-12-07 15:20:01 -0800
Processing by AppointmentsController#index as HTML
  Rendering appointments/index.html.haml within layouts/application
  [1m[36mAppointment Load (0.9ms)[0m  [1m[34mSELECT "appointments".* FROM "appointments" ORDER BY appt_time ASC[0m
  Rendered appointments/_appointments.html.haml (6.0ms)
  Rendered appointments/index.html.haml within layouts/application (30.1ms)
Completed 200 OK in 92ms (Views: 88.2ms | ActiveRecord: 0.9ms)


Started POST "/appointments" for 127.0.0.1 at 2017-12-07 15:20:54 -0800
Processing by AppointmentsController#create as JS
  Parameters: {"utf8"=>"✓", "appointment"=>{"title"=>"Go to Soma", "appt_time"=>"jan 02 2018 2pm."}, "commit"=>"Make appointment"}
  [1m[35m (0.5ms)[0m  [1m[36mbegin transaction[0m
  [1m[35mSQL (1.9ms)[0m  [1m[32mINSERT INTO "appointments" ("title", "appt_time", "created_at", "updated_at") VALUES (?, ?, ?, ?)[0m  [["title", "Go to Soma"], ["appt_time", "2018-01-02 14:00:00"], ["created_at", "2017-12-07 23:20:54.468425"], ["updated_at", "2017-12-07 23:20:54.468425"]]
  [1m[35m (1.6ms)[0m  [1m[36mcommit transaction[0m
Redirected to http://localhost:3000/
Completed 200 OK in 15ms (ActiveRecord: 4.1ms)


Started GET "/" for 127.0.0.1 at 2017-12-07 15:20:54 -0800
Processing by AppointmentsController#index as HTML
  Rendering appointments/index.html.haml within layouts/application
  [1m[36mAppointment Load (0.2ms)[0m  [1m[34mSELECT "appointments".* FROM "appointments" ORDER BY appt_time ASC[0m
  Rendered appointments/_appointments.html.haml (9.0ms)
  Rendered appointments/index.html.haml within layouts/application (22.8ms)
Completed 200 OK in 64ms (Views: 59.5ms | ActiveRecord: 0.2ms)


Started GET "/" for 127.0.0.1 at 2017-12-07 16:53:39 -0800
Processing by AppointmentsController#index as HTML
  Rendering appointments/index.html.haml within layouts/application
  [1m[36mAppointment Load (1.6ms)[0m  [1m[34mSELECT "appointments".* FROM "appointments" ORDER BY appt_time ASC[0m
  Rendered appointments/_appointments.html.haml (16.6ms)
  Rendered appointments/index.html.haml within layouts/application (44.3ms)
Completed 200 OK in 181ms (Views: 164.4ms | ActiveRecord: 1.6ms)


Started GET "/" for 127.0.0.1 at 2017-12-07 18:14:36 -0800
Processing by AppointmentsController#index as HTML
  Rendering appointments/index.html.haml within layouts/application
  [1m[36mAppointment Load (0.5ms)[0m  [1m[34mSELECT "appointments".* FROM "appointments" ORDER BY appt_time ASC[0m
  Rendered appointments/_appointments.html.haml (6.6ms)
  Rendered appointments/index.html.haml within layouts/application (14.0ms)
Completed 200 OK in 73ms (Views: 68.6ms | ActiveRecord: 0.5ms)


Started GET "/" for 127.0.0.1 at 2017-12-07 18:17:20 -0800
Processing by AppointmentsController#index as HTML
  Rendering appointments/index.html.haml within layouts/application
  [1m[36mAppointment Load (0.4ms)[0m  [1m[34mSELECT "appointments".* FROM "appointments" ORDER BY appt_time ASC[0m
  Rendered appointments/_appointments.html.haml (4.6ms)
  Rendered appointments/index.html.haml within layouts/application (11.7ms)
Completed 200 OK in 50ms (Views: 47.1ms | ActiveRecord: 0.4ms)


Started GET "/" for 127.0.0.1 at 2017-12-07 18:27:20 -0800
Processing by AppointmentsController#index as HTML
  Rendering appointments/index.html.haml within layouts/application
  [1m[36mAppointment Load (0.2ms)[0m  [1m[34mSELECT "appointments".* FROM "appointments" ORDER BY appt_time ASC[0m
  Rendered appointments/_appointments.html.haml (4.4ms)
  Rendered appointments/index.html.haml within layouts/application (10.1ms)
Completed 200 OK in 66ms (Views: 49.6ms | ActiveRecord: 1.1ms)


Started POST "/appointments" for 127.0.0.1 at 2017-12-07 18:27:58 -0800
Processing by AppointmentsController#create as JS
  Parameters: {"utf8"=>"✓", "appointment"=>{"title"=>"Apply for jobs", "appt_time"=>"now"}, "commit"=>"Make appointment"}
  [1m[35m (0.2ms)[0m  [1m[36mbegin transaction[0m
  [1m[35mSQL (1.5ms)[0m  [1m[32mINSERT INTO "appointments" ("title", "created_at", "updated_at") VALUES (?, ?, ?)[0m  [["title", "Apply for jobs"], ["created_at", "2017-12-08 02:27:58.907847"], ["updated_at", "2017-12-08 02:27:58.907847"]]
  [1m[35m (1.9ms)[0m  [1m[36mcommit transaction[0m
  Rendering appointments/create.js.haml
  [1m[36mAppointment Load (0.2ms)[0m  [1m[34mSELECT "appointments".* FROM "appointments" ORDER BY appt_time ASC[0m
  Rendered appointments/_appointments.html.haml (4.3ms)
  Rendered appointments/create.js.haml (24.0ms)
Completed 200 OK in 71ms (Views: 41.9ms | ActiveRecord: 3.8ms)


Started POST "/appointments" for 127.0.0.1 at 2017-12-07 18:33:57 -0800
Processing by AppointmentsController#create as JS
  Parameters: {"utf8"=>"✓", "appointment"=>{"title"=>"CEO Summit", "appt_time"=>"31 Dec 12pm"}, "commit"=>"Make appointment"}
  [1m[35m (0.1ms)[0m  [1m[36mbegin transaction[0m
  [1m[35mSQL (0.4ms)[0m  [1m[32mINSERT INTO "appointments" ("title", "appt_time", "created_at", "updated_at") VALUES (?, ?, ?, ?)[0m  [["title", "CEO Summit"], ["appt_time", "2017-12-31 12:00:00"], ["created_at", "2017-12-08 02:33:57.721226"], ["updated_at", "2017-12-08 02:33:57.721226"]]
  [1m[35m (1.8ms)[0m  [1m[36mcommit transaction[0m
  Rendering appointments/create.js.haml
  [1m[36mAppointment Load (0.3ms)[0m  [1m[34mSELECT "appointments".* FROM "appointments" ORDER BY appt_time ASC[0m
  Rendered appointments/_appointments.html.haml (5.1ms)
  Rendered appointments/create.js.haml (21.2ms)
Completed 200 OK in 58ms (Views: 37.4ms | ActiveRecord: 2.6ms)


Started GET "/" for 127.0.0.1 at 2017-12-07 19:47:44 -0800
Processing by AppointmentsController#index as HTML
  Rendering appointments/index.html.haml within layouts/application
  [1m[36mAppointment Load (0.3ms)[0m  [1m[34mSELECT "appointments".* FROM "appointments" ORDER BY appt_time ASC[0m
  Rendered appointments/_appointments.html.haml (4.7ms)
  Rendered appointments/index.html.haml within layouts/application (10.4ms)
Completed 200 OK in 58ms (Views: 55.8ms | ActiveRecord: 0.3ms)


Started GET "/" for 127.0.0.1 at 2017-12-07 20:02:33 -0800
Processing by AppointmentsController#index as HTML
  Rendering appointments/index.html.haml within layouts/application
  [1m[36mAppointment Load (0.2ms)[0m  [1m[34mSELECT "appointments".* FROM "appointments" ORDER BY appt_time ASC[0m
  Rendered appointments/index.html.haml within layouts/application (7.0ms)
Completed 200 OK in 1853ms (Views: 1839.9ms | ActiveRecord: 1.1ms)


Started GET "/" for 127.0.0.1 at 2017-12-07 20:02:38 -0800
Processing by AppointmentsController#index as HTML
  Rendering appointments/index.html.haml within layouts/application
  [1m[36mAppointment Load (0.3ms)[0m  [1m[34mSELECT "appointments".* FROM "appointments" ORDER BY appt_time ASC[0m
  Rendered appointments/index.html.haml within layouts/application (7.2ms)
Completed 200 OK in 45ms (Views: 42.6ms | ActiveRecord: 0.3ms)


Started GET "/" for 127.0.0.1 at 2017-12-07 20:03:12 -0800
Processing by AppointmentsController#index as HTML
  Rendering appointments/index.html.haml within layouts/application
  [1m[36mAppointment Load (0.3ms)[0m  [1m[34mSELECT "appointments".* FROM "appointments" ORDER BY appt_time ASC[0m
  Rendered appointments/index.html.haml within layouts/application (7.9ms)
Completed 200 OK in 1046ms (Views: 1033.8ms | ActiveRecord: 1.1ms)


Started GET "/" for 127.0.0.1 at 2017-12-07 20:07:42 -0800
Processing by AppointmentsController#index as HTML
  Rendering appointments/index.html.haml within layouts/application
  [1m[36mAppointment Load (0.3ms)[0m  [1m[34mSELECT "appointments".* FROM "appointments" ORDER BY appt_time ASC[0m
  Rendered appointments/index.html.haml within layouts/application (7.7ms)
Completed 500 Internal Server Error in 837ms (ActiveRecord: 1.2ms)


  
ActionView::Template::Error (SyntaxError: unknown: Unexpected token (2:17)
  1 | var Appointment = createReactClass(function(){
> 2 | 	render: function(){
    |                  ^
  3 | 		return (
  4 | 			<div>
  5 | 				<h3>{this.props.appointment.title}</h3>):
     5:     <%= csrf_meta_tags %>
     6: 
     7:     <%= stylesheet_link_tag    'application', media: 'all', 'data-turbolinks-track': 'reload' %>
     8:     <%= javascript_include_tag 'application', 'data-turbolinks-track': 'reload' %>
     9:   </head>
    10: 
    11:   <body>
  
app/views/layouts/application.html.erb:8:in `_app_views_layouts_application_html_erb__4513845650429273701_70242875687240'
Started GET "/" for 127.0.0.1 at 2017-12-07 20:08:54 -0800
Processing by AppointmentsController#index as HTML
  Rendering appointments/index.html.haml within layouts/application
  [1m[36mAppointment Load (0.3ms)[0m  [1m[34mSELECT "appointments".* FROM "appointments" ORDER BY appt_time ASC[0m
  Rendered appointments/index.html.haml within layouts/application (6.6ms)
Completed 500 Internal Server Error in 1613ms (ActiveRecord: 1.0ms)


  
ActionView::Template::Error (SyntaxError: unknown: JSX value should be either an expression or a quoted JSX text (7:31)
   5 | 				{this.props.appointments.map(function(appointment){
   6 | 					return(
>  7 | 						<Appointment appointment=appointment />
     |                                ^
   8 | 					)
   9 | 				})}
  10 | 			</div>):
     5:     <%= csrf_meta_tags %>
     6: 
     7:     <%= stylesheet_link_tag    'application', media: 'all', 'data-turbolinks-track': 'reload' %>
     8:     <%= javascript_include_tag 'application', 'data-turbolinks-track': 'reload' %>
     9:   </head>
    10: 
    11:   <body>
  
app/views/layouts/application.html.erb:8:in `_app_views_layouts_application_html_erb__4513845650429273701_70242866457460'
Started GET "/" for 127.0.0.1 at 2017-12-07 20:10:06 -0800
Processing by AppointmentsController#index as HTML
  Rendering appointments/index.html.haml within layouts/application
  [1m[36mAppointment Load (0.2ms)[0m  [1m[34mSELECT "appointments".* FROM "appointments" ORDER BY appt_time ASC[0m
  Rendered appointments/index.html.haml within layouts/application (6.7ms)
Completed 500 Internal Server Error in 787ms (ActiveRecord: 0.9ms)


  
ActionView::Template::Error (SyntaxError: unknown: Unexpected token (7:47)
   5 | 				{this.props.appointments.map(function(appointment){
   6 | 					return(
>  7 | 						<Appointment appointment={appointment} />e
     |                                                ^
   8 | 					)
   9 | 				})}
  10 | 			</div>):
     5:     <%= csrf_meta_tags %>
     6: 
     7:     <%= stylesheet_link_tag    'application', media: 'all', 'data-turbolinks-track': 'reload' %>
     8:     <%= javascript_include_tag 'application', 'data-turbolinks-track': 'reload' %>
     9:   </head>
    10: 
    11:   <body>
  
app/views/layouts/application.html.erb:8:in `_app_views_layouts_application_html_erb__4513845650429273701_70242857666960'
Started GET "/" for 127.0.0.1 at 2017-12-07 20:10:11 -0800
Processing by AppointmentsController#index as HTML
  Rendering appointments/index.html.haml within layouts/application
  [1m[36mAppointment Load (0.3ms)[0m  [1m[34mSELECT "appointments".* FROM "appointments" ORDER BY appt_time ASC[0m
  Rendered appointments/index.html.haml within layouts/application (6.7ms)
Completed 500 Internal Server Error in 776ms (ActiveRecord: 0.3ms)


  
ActionView::Template::Error (SyntaxError: unknown: Unexpected token (7:47)
   5 | 				{this.props.appointments.map(function(appointment){
   6 | 					return(
>  7 | 						<Appointment appointment={appointment} />e
     |                                                ^
   8 | 					)
   9 | 				})}
  10 | 			</div>):
     5:     <%= csrf_meta_tags %>
     6: 
     7:     <%= stylesheet_link_tag    'application', media: 'all', 'data-turbolinks-track': 'reload' %>
     8:     <%= javascript_include_tag 'application', 'data-turbolinks-track': 'reload' %>
     9:   </head>
    10: 
    11:   <body>
  
app/views/layouts/application.html.erb:8:in `_app_views_layouts_application_html_erb__4513845650429273701_70242876249640'
Started GET "/" for 127.0.0.1 at 2017-12-07 20:10:33 -0800
Processing by AppointmentsController#index as HTML
  Rendering appointments/index.html.haml within layouts/application
  [1m[36mAppointment Load (0.4ms)[0m  [1m[34mSELECT "appointments".* FROM "appointments" ORDER BY appt_time ASC[0m
  Rendered appointments/index.html.haml within layouts/application (10.7ms)
Completed 200 OK in 1084ms (Views: 1071.8ms | ActiveRecord: 1.2ms)


Started GET "/" for 127.0.0.1 at 2017-12-07 20:19:38 -0800
Processing by AppointmentsController#index as HTML
  Rendering appointments/index.html.haml within layouts/application
  [1m[36mAppointment Load (0.2ms)[0m  [1m[34mSELECT "appointments".* FROM "appointments" ORDER BY appt_time ASC[0m
  Rendered appointments/index.html.haml within layouts/application (5.8ms)
Completed 200 OK in 1720ms (Views: 1709.1ms | ActiveRecord: 1.1ms)


Started GET "/" for 127.0.0.1 at 2017-12-07 20:24:38 -0800
Processing by AppointmentsController#index as HTML
  Rendering appointments/index.html.haml within layouts/application
  [1m[36mAppointment Load (0.3ms)[0m  [1m[34mSELECT "appointments".* FROM "appointments" ORDER BY appt_time ASC[0m
  Rendered appointments/index.html.haml within layouts/application (9.2ms)
Completed 500 Internal Server Error in 1562ms (ActiveRecord: 2.3ms)


  
ActionView::Template::Error (SyntaxError: unknown: Unexpected token (8:0)
  6 | 		)
  7 | 	}
> 8 | });
    | ^
  9 | ):
     5:     <%= csrf_meta_tags %>
     6: 
     7:     <%= stylesheet_link_tag    'application', media: 'all', 'data-turbolinks-track': 'reload' %>
     8:     <%= javascript_include_tag 'application', 'data-turbolinks-track': 'reload' %>
     9:   </head>
    10: 
    11:   <body>
  
app/views/layouts/application.html.erb:8:in `_app_views_layouts_application_html_erb__4513845650429273701_70242817067420'
Started GET "/" for 127.0.0.1 at 2017-12-07 20:25:17 -0800
Processing by AppointmentsController#index as HTML
  Rendering appointments/index.html.haml within layouts/application
  [1m[36mAppointment Load (0.3ms)[0m  [1m[34mSELECT "appointments".* FROM "appointments" ORDER BY appt_time ASC[0m
  Rendered appointments/index.html.haml within layouts/application (6.2ms)
Completed 500 Internal Server Error in 1583ms (ActiveRecord: 1.1ms)


  
ActionView::Template::Error (SyntaxError: unknown: Unexpected token (8:0)
  6 | 		)
  7 | 	}
> 8 | });
    | ^
  9 | ):
     5:     <%= csrf_meta_tags %>
     6: 
     7:     <%= stylesheet_link_tag    'application', media: 'all', 'data-turbolinks-track': 'reload' %>
     8:     <%= javascript_include_tag 'application', 'data-turbolinks-track': 'reload' %>
     9:   </head>
    10: 
    11:   <body>
  
app/views/layouts/application.html.erb:8:in `_app_views_layouts_application_html_erb__4513845650429273701_70242875852300'
Started GET "/" for 127.0.0.1 at 2017-12-07 20:26:09 -0800
Processing by AppointmentsController#index as HTML
  Rendering appointments/index.html.haml within layouts/application
  [1m[36mAppointment Load (0.3ms)[0m  [1m[34mSELECT "appointments".* FROM "appointments" ORDER BY appt_time ASC[0m
  Rendered appointments/index.html.haml within layouts/application (7.3ms)
Completed 500 Internal Server Error in 1569ms (ActiveRecord: 1.2ms)


  
ActionView::Template::Error (SyntaxError: unknown: Unexpected token (8:0)
  6 | 		)
  7 | 	}
> 8 | });
    | ^
  9 | ):
     5:     <%= csrf_meta_tags %>
     6: 
     7:     <%= stylesheet_link_tag    'application', media: 'all', 'data-turbolinks-track': 'reload' %>
     8:     <%= javascript_include_tag 'application', 'data-turbolinks-track': 'reload' %>
     9:   </head>
    10: 
    11:   <body>
  
app/views/layouts/application.html.erb:8:in `_app_views_layouts_application_html_erb__4513845650429273701_70242839324200'
Started GET "/" for 127.0.0.1 at 2017-12-07 20:26:18 -0800
Processing by AppointmentsController#index as HTML
  Rendering appointments/index.html.haml within layouts/application
  [1m[36mAppointment Load (0.4ms)[0m  [1m[34mSELECT "appointments".* FROM "appointments" ORDER BY appt_time ASC[0m
  Rendered appointments/index.html.haml within layouts/application (7.6ms)
Completed 500 Internal Server Error in 796ms (ActiveRecord: 0.4ms)


  
ActionView::Template::Error (SyntaxError: unknown: Unexpected token (8:0)
  6 | 		)
  7 | 	}
> 8 | });
    | ^
  9 | ):
     5:     <%= csrf_meta_tags %>
     6: 
     7:     <%= stylesheet_link_tag    'application', media: 'all', 'data-turbolinks-track': 'reload' %>
     8:     <%= javascript_include_tag 'application', 'data-turbolinks-track': 'reload' %>
     9:   </head>
    10: 
    11:   <body>
  
app/views/layouts/application.html.erb:8:in `_app_views_layouts_application_html_erb__4513845650429273701_70242878384560'
Started GET "/" for 127.0.0.1 at 2017-12-07 20:27:11 -0800
Processing by AppointmentsController#index as HTML
  Rendering appointments/index.html.haml within layouts/application
  [1m[36mAppointment Load (0.7ms)[0m  [1m[34mSELECT "appointments".* FROM "appointments" ORDER BY appt_time ASC[0m
  Rendered appointments/index.html.haml within layouts/application (8.4ms)
Completed 500 Internal Server Error in 1505ms (ActiveRecord: 1.5ms)


  
ActionView::Template::Error (SyntaxError: unknown: Unexpected token (8:0)
  6 | 		)
  7 | 	}
> 8 | });
    | ^
  9 | ):
     5:     <%= csrf_meta_tags %>
     6: 
     7:     <%= stylesheet_link_tag    'application', media: 'all', 'data-turbolinks-track': 'reload' %>
     8:     <%= javascript_include_tag 'application', 'data-turbolinks-track': 'reload' %>
     9:   </head>
    10: 
    11:   <body>
  
app/views/layouts/application.html.erb:8:in `_app_views_layouts_application_html_erb__4513845650429273701_70242875523140'
Started GET "/" for 127.0.0.1 at 2017-12-07 20:28:47 -0800
Processing by AppointmentsController#index as HTML
  Rendering appointments/index.html.haml within layouts/application
  [1m[36mAppointment Load (0.3ms)[0m  [1m[34mSELECT "appointments".* FROM "appointments" ORDER BY appt_time ASC[0m
  Rendered appointments/index.html.haml within layouts/application (6.9ms)
Completed 500 Internal Server Error in 797ms (ActiveRecord: 1.8ms)


  
ActionView::Template::Error (SyntaxError: unknown: Unexpected token (7:2)
   5 | 				<Appointment appointment={appointment} />
   6 | 			)
>  7 | 		)
     |   ^
   8 | 	}
   9 | 
  10 | });):
     5:     <%= csrf_meta_tags %>
     6: 
     7:     <%= stylesheet_link_tag    'application', media: 'all', 'data-turbolinks-track': 'reload' %>
     8:     <%= javascript_include_tag 'application', 'data-turbolinks-track': 'reload' %>
     9:   </head>
    10: 
    11:   <body>
  
app/views/layouts/application.html.erb:8:in `_app_views_layouts_application_html_erb__4513845650429273701_70242868823620'
Started GET "/" for 127.0.0.1 at 2017-12-07 20:29:58 -0800
Processing by AppointmentsController#index as HTML
  Rendering appointments/index.html.haml within layouts/application
  [1m[36mAppointment Load (0.3ms)[0m  [1m[34mSELECT "appointments".* FROM "appointments" ORDER BY appt_time ASC[0m
  Rendered appointments/index.html.haml within layouts/application (9.8ms)
Completed 500 Internal Server Error in 1567ms (ActiveRecord: 1.1ms)


  
ActionView::Template::Error (SyntaxError: unknown: Unexpected token (10:0)
   8 | 	}
   9 | 
> 10 | });
     | ^
  11 | ):
     5:     <%= csrf_meta_tags %>
     6: 
     7:     <%= stylesheet_link_tag    'application', media: 'all', 'data-turbolinks-track': 'reload' %>
     8:     <%= javascript_include_tag 'application', 'data-turbolinks-track': 'reload' %>
     9:   </head>
    10: 
    11:   <body>
  
app/views/layouts/application.html.erb:8:in `_app_views_layouts_application_html_erb__4513845650429273701_70242875656080'
Started GET "/" for 127.0.0.1 at 2017-12-07 20:33:25 -0800
Processing by AppointmentsController#index as HTML
  Rendering appointments/index.html.haml within layouts/application
  [1m[36mAppointment Load (0.4ms)[0m  [1m[34mSELECT "appointments".* FROM "appointments" ORDER BY appt_time ASC[0m
  Rendered appointments/index.html.haml within layouts/application (8.1ms)
Completed 200 OK in 1074ms (Views: 1061.2ms | ActiveRecord: 1.3ms)


Started GET "/" for 127.0.0.1 at 2017-12-07 20:55:43 -0800
  [1m[35m (0.2ms)[0m  [1m[34mSELECT "schema_migrations"."version" FROM "schema_migrations" ORDER BY "schema_migrations"."version" ASC[0m
Processing by AppointmentsController#index as HTML
  Rendering appointments/index.html.haml within layouts/application
  [1m[36mAppointment Load (0.3ms)[0m  [1m[34mSELECT "appointments".* FROM "appointments" ORDER BY appt_time ASC[0m
  Rendered appointments/index.html.haml within layouts/application (17.6ms)
Completed 200 OK in 3160ms (Views: 3140.6ms | ActiveRecord: 0.9ms)


Started GET "/" for 127.0.0.1 at 2017-12-07 21:11:21 -0800
Processing by AppointmentsController#index as HTML
  Rendering appointments/index.html.haml within layouts/application
  [1m[36mAppointment Load (0.3ms)[0m  [1m[34mSELECT "appointments".* FROM "appointments" ORDER BY appt_time ASC[0m
  Rendered appointments/index.html.haml within layouts/application (9.3ms)
Completed 200 OK in 1917ms (Views: 1903.9ms | ActiveRecord: 1.0ms)


Started GET "/" for 127.0.0.1 at 2017-12-07 21:12:33 -0800
Processing by AppointmentsController#index as HTML
  Rendering appointments/index.html.haml within layouts/application
  [1m[36mAppointment Load (0.3ms)[0m  [1m[34mSELECT "appointments".* FROM "appointments" ORDER BY appt_time ASC[0m
  Rendered appointments/index.html.haml within layouts/application (7.1ms)
Completed 200 OK in 1098ms (Views: 1077.8ms | ActiveRecord: 1.2ms)


Started GET "/" for 127.0.0.1 at 2017-12-07 21:12:52 -0800
Processing by AppointmentsController#index as HTML
  Rendering appointments/index.html.haml within layouts/application
  [1m[36mAppointment Load (0.3ms)[0m  [1m[34mSELECT "appointments".* FROM "appointments" ORDER BY appt_time ASC[0m
  Rendered appointments/index.html.haml within layouts/application (8.4ms)
Completed 200 OK in 48ms (Views: 45.3ms | ActiveRecord: 0.3ms)


Started GET "/" for 127.0.0.1 at 2017-12-07 21:15:04 -0800
Processing by AppointmentsController#index as HTML
  Rendering appointments/index.html.haml within layouts/application
  [1m[36mAppointment Load (0.5ms)[0m  [1m[34mSELECT "appointments".* FROM "appointments" ORDER BY appt_time ASC[0m
  Rendered appointments/index.html.haml within layouts/application (10.5ms)
Completed 200 OK in 57ms (Views: 52.7ms | ActiveRecord: 0.5ms)


Started GET "/" for 127.0.0.1 at 2017-12-07 21:18:17 -0800
Processing by AppointmentsController#index as HTML
  Rendering appointments/index.html.haml within layouts/application
  [1m[36mAppointment Load (0.3ms)[0m  [1m[34mSELECT "appointments".* FROM "appointments" ORDER BY appt_time ASC[0m
  Rendered appointments/index.html.haml within layouts/application (5.9ms)
Completed 200 OK in 46ms (Views: 42.9ms | ActiveRecord: 0.2ms)


Started GET "/" for 127.0.0.1 at 2017-12-07 21:22:20 -0800
  [1m[35m (0.2ms)[0m  [1m[34mSELECT "schema_migrations"."version" FROM "schema_migrations" ORDER BY "schema_migrations"."version" ASC[0m
Processing by AppointmentsController#index as HTML
  Rendering appointments/index.html.haml within layouts/application
  [1m[36mAppointment Load (0.2ms)[0m  [1m[34mSELECT "appointments".* FROM "appointments" ORDER BY appt_time ASC[0m
  Rendered appointments/index.html.haml within layouts/application (13.1ms)
Completed 200 OK in 735ms (Views: 715.2ms | ActiveRecord: 1.0ms)


Started GET "/" for 127.0.0.1 at 2017-12-07 21:25:57 -0800
Processing by AppointmentsController#index as HTML
Started GET "/?title=Standup+Meeting&appt_time=Tomorrow+at+9am" for 127.0.0.1 at 2017-12-07 21:26:07 -0800
  Rendering appointments/index.html.haml within layouts/application
  [1m[36mAppointment Load (0.6ms)[0m  [1m[34mSELECT "appointments".* FROM "appointments" ORDER BY appt_time ASC[0m
  Rendered appointments/index.html.haml within layouts/application (10.8ms)
Completed 200 OK in 1793ms (Views: 1762.9ms | ActiveRecord: 1.4ms)


Processing by AppointmentsController#index as HTML
  Parameters: {"title"=>"Standup Meeting", "appt_time"=>"Tomorrow at 9am"}
Started GET "/?title=Standup+Meeting&appt_time=Tomorrow+at+9am" for 127.0.0.1 at 2017-12-07 21:26:09 -0800
Processing by AppointmentsController#index as HTML
  Parameters: {"title"=>"Standup Meeting", "appt_time"=>"Tomorrow at 9am"}
  Rendering appointments/index.html.haml within layouts/application
  [1m[36mAppointment Load (0.2ms)[0m  [1m[34mSELECT "appointments".* FROM "appointments" ORDER BY appt_time ASC[0m
  Rendered appointments/index.html.haml within layouts/application (7.6ms)
  Rendering appointments/index.html.haml within layouts/application
  [1m[36mAppointment Load (0.2ms)[0m  [1m[34mSELECT "appointments".* FROM "appointments" ORDER BY appt_time ASC[0m
  Rendered appointments/index.html.haml within layouts/application (6.7ms)
Completed 200 OK in 177ms (Views: 165.0ms | ActiveRecord: 1.0ms)


Completed 200 OK in 165ms (Views: 159.7ms | ActiveRecord: 0.5ms)


Started GET "/?title=Standup+Meeting&appt_time=Tomorrow+at+9am" for 127.0.0.1 at 2017-12-07 21:29:10 -0800
Processing by AppointmentsController#index as HTML
  Parameters: {"title"=>"Standup Meeting", "appt_time"=>"Tomorrow at 9am"}
  Rendering appointments/index.html.haml within layouts/application
  [1m[36mAppointment Load (0.2ms)[0m  [1m[34mSELECT "appointments".* FROM "appointments" ORDER BY appt_time ASC[0m
  Rendered appointments/index.html.haml within layouts/application (6.1ms)
Completed 200 OK in 1161ms (Views: 1150.7ms | ActiveRecord: 1.1ms)


Started GET "/?title=Standup+Meeting&appt_time=Tomorrow+at+9am" for 127.0.0.1 at 2017-12-07 21:30:07 -0800
Processing by AppointmentsController#index as HTML
  Parameters: {"title"=>"Standup Meeting", "appt_time"=>"Tomorrow at 9am"}
  Rendering appointments/index.html.haml within layouts/application
  [1m[36mAppointment Load (0.2ms)[0m  [1m[34mSELECT "appointments".* FROM "appointments" ORDER BY appt_time ASC[0m
  Rendered appointments/index.html.haml within layouts/application (6.4ms)
Completed 200 OK in 1081ms (Views: 1070.5ms | ActiveRecord: 1.1ms)


Started GET "/?title=Standup+Meeting&appt_time=Tomorrow+at+9am" for 127.0.0.1 at 2017-12-07 21:31:31 -0800
Processing by AppointmentsController#index as HTML
  Parameters: {"title"=>"Standup Meeting", "appt_time"=>"Tomorrow at 9am"}
  Rendering appointments/index.html.haml within layouts/application
  [1m[36mAppointment Load (0.2ms)[0m  [1m[34mSELECT "appointments".* FROM "appointments" ORDER BY appt_time ASC[0m
  Rendered appointments/index.html.haml within layouts/application (6.0ms)
Completed 200 OK in 1014ms (Views: 1002.7ms | ActiveRecord: 1.0ms)


Started GET "/?title=Standup+Meeting&appt_time=Tomorrow+at+9am" for 127.0.0.1 at 2017-12-07 21:32:12 -0800
Processing by AppointmentsController#index as HTML
  Parameters: {"title"=>"Standup Meeting", "appt_time"=>"Tomorrow at 9am"}
  Rendering appointments/index.html.haml within layouts/application
  [1m[36mAppointment Load (0.3ms)[0m  [1m[34mSELECT "appointments".* FROM "appointments" ORDER BY appt_time ASC[0m
  Rendered appointments/index.html.haml within layouts/application (7.5ms)
Completed 200 OK in 1086ms (Views: 1073.6ms | ActiveRecord: 1.3ms)


Started GET "/?title=Standup+Meeting&appt_time=t+9am" for 127.0.0.1 at 2017-12-07 22:02:08 -0800
Processing by AppointmentsController#index as HTML
  Parameters: {"title"=>"Standup Meeting", "appt_time"=>"t 9am"}
  Rendering appointments/index.html.haml within layouts/application
  [1m[36mAppointment Load (0.3ms)[0m  [1m[34mSELECT "appointments".* FROM "appointments" ORDER BY appt_time ASC[0m
  Rendered appointments/index.html.haml within layouts/application (22.7ms)
Completed 500 Internal Server Error in 829ms (ActiveRecord: 1.2ms)


  
ActionView::Template::Error (SyntaxError: unknown: Unexpected token (16:2)
  14 | 	}
  15 | 
> 16 | 	 render: function() {
     |   ^
  17 |     return (
  18 |       <div>
  19 |         <h2>Make a new appointment</h2>):
     5:     <%= csrf_meta_tags %>
     6: 
     7:     <%= stylesheet_link_tag    'application', media: 'all', 'data-turbolinks-track': 'reload' %>
     8:     <%= javascript_include_tag 'application', 'data-turbolinks-track': 'reload' %>
     9:   </head>
    10: 
    11:   <body>
  
app/views/layouts/application.html.erb:8:in `_app_views_layouts_application_html_erb___3512350905283659557_70179327204700'
Started GET "/?title=Standup+Meeting&appt_time=t+9am" for 127.0.0.1 at 2017-12-07 22:02:51 -0800
Processing by AppointmentsController#index as HTML
  Parameters: {"title"=>"Standup Meeting", "appt_time"=>"t 9am"}
  Rendering appointments/index.html.haml within layouts/application
  [1m[36mAppointment Load (0.6ms)[0m  [1m[34mSELECT "appointments".* FROM "appointments" ORDER BY appt_time ASC[0m
  Rendered appointments/index.html.haml within layouts/application (9.3ms)
Completed 500 Internal Server Error in 812ms (ActiveRecord: 0.6ms)


  
ActionView::Template::Error (SyntaxError: unknown: Unexpected token (16:2)
  14 | 	}
  15 | 
> 16 | 	 render: function() {
     |   ^
  17 |     return (
  18 |       <div>
  19 |         <h2>Make a new appointment</h2>):
     5:     <%= csrf_meta_tags %>
     6: 
     7:     <%= stylesheet_link_tag    'application', media: 'all', 'data-turbolinks-track': 'reload' %>
     8:     <%= javascript_include_tag 'application', 'data-turbolinks-track': 'reload' %>
     9:   </head>
    10: 
    11:   <body>
  
app/views/layouts/application.html.erb:8:in `_app_views_layouts_application_html_erb___3512350905283659557_70179290369000'
Started GET "/?title=Standup+Meeting&appt_time=t+9am" for 127.0.0.1 at 2017-12-07 22:04:33 -0800
Processing by AppointmentsController#index as HTML
  Parameters: {"title"=>"Standup Meeting", "appt_time"=>"t 9am"}
  Rendering appointments/index.html.haml within layouts/application
  [1m[36mAppointment Load (0.2ms)[0m  [1m[34mSELECT "appointments".* FROM "appointments" ORDER BY appt_time ASC[0m
  Rendered appointments/index.html.haml within layouts/application (6.6ms)
Completed 500 Internal Server Error in 808ms (ActiveRecord: 1.1ms)


  
ActionView::Template::Error (SyntaxError: unknown: Unexpected token (16:2)
  14 | 	}
  15 | 
> 16 | 	 render: function() {
     |   ^
  17 |     return (
  18 |       <div>
  19 |         <h2>Make a new appointment</h2>):
     5:     <%= csrf_meta_tags %>
     6: 
     7:     <%= stylesheet_link_tag    'application', media: 'all', 'data-turbolinks-track': 'reload' %>
     8:     <%= javascript_include_tag 'application', 'data-turbolinks-track': 'reload' %>
     9:   </head>
    10: 
    11:   <body>
  
app/views/layouts/application.html.erb:8:in `_app_views_layouts_application_html_erb___3512350905283659557_70179295599960'
Started GET "/?title=Standup+Meeting&appt_time=t+9am" for 127.0.0.1 at 2017-12-07 22:05:18 -0800
Processing by AppointmentsController#index as HTML
  Parameters: {"title"=>"Standup Meeting", "appt_time"=>"t 9am"}
  Rendering appointments/index.html.haml within layouts/application
  [1m[36mAppointment Load (0.2ms)[0m  [1m[34mSELECT "appointments".* FROM "appointments" ORDER BY appt_time ASC[0m
  Rendered appointments/index.html.haml within layouts/application (5.2ms)
Completed 500 Internal Server Error in 1619ms (ActiveRecord: 1.0ms)


  
ActionView::Template::Error (SyntaxError: unknown: Unexpected token (18:3)
  16 |     $.post('/appointments',
  17 |             {appointment: appointment});
> 18 | 			)
     |    ^
  19 | 	},
  20 | 
  21 | 	render: function(){):
     5:     <%= csrf_meta_tags %>
     6: 
     7:     <%= stylesheet_link_tag    'application', media: 'all', 'data-turbolinks-track': 'reload' %>
     8:     <%= javascript_include_tag 'application', 'data-turbolinks-track': 'reload' %>
     9:   </head>
    10: 
    11:   <body>
  
app/views/layouts/application.html.erb:8:in `_app_views_layouts_application_html_erb___3512350905283659557_70179351307140'
Started GET "/?title=Standup+Meeting&appt_time=t+9am" for 127.0.0.1 at 2017-12-07 22:07:49 -0800
Processing by AppointmentsController#index as HTML
  Parameters: {"title"=>"Standup Meeting", "appt_time"=>"t 9am"}
  Rendering appointments/index.html.haml within layouts/application
  [1m[36mAppointment Load (0.3ms)[0m  [1m[34mSELECT "appointments".* FROM "appointments" ORDER BY appt_time ASC[0m
  Rendered appointments/index.html.haml within layouts/application (6.3ms)
Completed 200 OK in 1071ms (Views: 1054.1ms | ActiveRecord: 1.7ms)


Started GET "/?title=Standup+Meeting&appt_time=t+9am" for 127.0.0.1 at 2017-12-07 22:08:16 -0800
Processing by AppointmentsController#index as HTML
  Parameters: {"title"=>"Standup Meeting", "appt_time"=>"t 9am"}
  Rendering appointments/index.html.haml within layouts/application
  [1m[36mAppointment Load (0.2ms)[0m  [1m[34mSELECT "appointments".* FROM "appointments" ORDER BY appt_time ASC[0m
  Rendered appointments/index.html.haml within layouts/application (7.7ms)
Completed 200 OK in 1068ms (Views: 1055.5ms | ActiveRecord: 1.0ms)


Started GET "/?title=Standup+Meeting&appt_time=t+9am" for 127.0.0.1 at 2017-12-07 22:09:02 -0800
Processing by AppointmentsController#index as HTML
  Parameters: {"title"=>"Standup Meeting", "appt_time"=>"t 9am"}
  Rendering appointments/index.html.haml within layouts/application
  [1m[36mAppointment Load (0.4ms)[0m  [1m[34mSELECT "appointments".* FROM "appointments" ORDER BY appt_time ASC[0m
  Rendered appointments/index.html.haml within layouts/application (7.6ms)
Completed 500 Internal Server Error in 777ms (ActiveRecord: 1.2ms)


  
ActionView::Template::Error (SyntaxError: unknown: Unexpected token (28:3)
  26 |           onFormSubmit={this.handleFormSubmit} />
  27 |         <AppointmentsList appointments={this.state.appointments} /
> 28 | 			</div>
     |    ^
  29 | 		)
  30 | 	}
  31 | });):
     5:     <%= csrf_meta_tags %>
     6: 
     7:     <%= stylesheet_link_tag    'application', media: 'all', 'data-turbolinks-track': 'reload' %>
     8:     <%= javascript_include_tag 'application', 'data-turbolinks-track': 'reload' %>
     9:   </head>
    10: 
    11:   <body>
  
app/views/layouts/application.html.erb:8:in `_app_views_layouts_application_html_erb___3512350905283659557_70179355524220'
Started GET "/?title=Standup+Meeting&appt_time=t+9am" for 127.0.0.1 at 2017-12-07 22:10:02 -0800
Processing by AppointmentsController#index as HTML
  Parameters: {"title"=>"Standup Meeting", "appt_time"=>"t 9am"}
  Rendering appointments/index.html.haml within layouts/application
  [1m[36mAppointment Load (0.2ms)[0m  [1m[34mSELECT "appointments".* FROM "appointments" ORDER BY appt_time ASC[0m
  Rendered appointments/index.html.haml within layouts/application (7.4ms)
Completed 200 OK in 1060ms (Views: 1048.1ms | ActiveRecord: 1.2ms)


Started GET "/?title=Standup+Meeting&appt_time=t+9am" for 127.0.0.1 at 2017-12-07 22:10:30 -0800
Processing by AppointmentsController#index as HTML
  Parameters: {"title"=>"Standup Meeting", "appt_time"=>"t 9am"}
  Rendering appointments/index.html.haml within layouts/application
  [1m[36mAppointment Load (0.3ms)[0m  [1m[34mSELECT "appointments".* FROM "appointments" ORDER BY appt_time ASC[0m
  Rendered appointments/index.html.haml within layouts/application (8.3ms)
Completed 200 OK in 1119ms (Views: 1105.3ms | ActiveRecord: 1.1ms)


Started GET "/?title=Standup+Meeting&appt_time=t+9am" for 127.0.0.1 at 2017-12-07 22:25:57 -0800
Processing by AppointmentsController#index as HTML
  Parameters: {"title"=>"Standup Meeting", "appt_time"=>"t 9am"}
  Rendering appointments/index.html.haml within layouts/application
  [1m[36mAppointment Load (0.3ms)[0m  [1m[34mSELECT "appointments".* FROM "appointments" ORDER BY appt_time ASC[0m
  Rendered appointments/index.html.haml within layouts/application (11.5ms)
Completed 200 OK in 64ms (Views: 59.3ms | ActiveRecord: 0.3ms)


Started GET "/" for 127.0.0.1 at 2017-12-08 13:33:18 -0800
  [1m[35m (1.6ms)[0m  [1m[34mSELECT "schema_migrations"."version" FROM "schema_migrations" ORDER BY "schema_migrations"."version" ASC[0m
Processing by AppointmentsController#index as HTML
  Rendering appointments/index.html.haml within layouts/application
  [1m[36mAppointment Load (1.4ms)[0m  [1m[34mSELECT "appointments".* FROM "appointments" ORDER BY appt_time ASC[0m
  Rendered appointments/index.html.haml within layouts/application (21.2ms)
Completed 200 OK in 890ms (Views: 865.4ms | ActiveRecord: 2.0ms)


Started GET "/" for 127.0.0.1 at 2017-12-08 14:05:30 -0800
Processing by AppointmentsController#index as HTML
  Rendering appointments/index.html.haml within layouts/application
  [1m[36mAppointment Load (0.6ms)[0m  [1m[34mSELECT "appointments".* FROM "appointments" ORDER BY appt_time ASC[0m
  Rendered appointments/index.html.haml within layouts/application (7.4ms)
Completed 200 OK in 1798ms (Views: 1783.9ms | ActiveRecord: 1.9ms)


Started POST "/appointments" for 127.0.0.1 at 2017-12-08 14:06:02 -0800
Processing by AppointmentsController#create as */*
  Parameters: {"appointment"=>{"title"=>"Las day at DBC", "appt_time"=>"Tomorrow at 9am"}}
  [1m[35m (0.1ms)[0m  [1m[36mbegin transaction[0m
  [1m[35mSQL (1.6ms)[0m  [1m[32mINSERT INTO "appointments" ("title", "appt_time", "created_at", "updated_at") VALUES (?, ?, ?, ?)[0m  [["title", "Las day at DBC"], ["appt_time", "2017-12-08 09:00:00"], ["created_at", "2017-12-08 22:06:02.943126"], ["updated_at", "2017-12-08 22:06:02.943126"]]
  [1m[35m (1.6ms)[0m  [1m[36mcommit transaction[0m
Completed 200 OK in 9ms (Views: 0.8ms | ActiveRecord: 3.2ms)


Started POST "/appointments" for 127.0.0.1 at 2017-12-08 14:07:27 -0800
Processing by AppointmentsController#create as */*
  Parameters: {"appointment"=>{"title"=>"Las day at DBC", "appt_time"=>"Tomorrow at 9am"}}
  [1m[35m (0.1ms)[0m  [1m[36mbegin transaction[0m
  [1m[35mSQL (0.3ms)[0m  [1m[32mINSERT INTO "appointments" ("title", "appt_time", "created_at", "updated_at") VALUES (?, ?, ?, ?)[0m  [["title", "Las day at DBC"], ["appt_time", "2017-12-08 09:00:00"], ["created_at", "2017-12-08 22:07:27.416201"], ["updated_at", "2017-12-08 22:07:27.416201"]]
  [1m[35m (1.7ms)[0m  [1m[36mcommit transaction[0m
Completed 200 OK in 22ms (Views: 1.1ms | ActiveRecord: 3.0ms)


Started POST "/appointments" for 127.0.0.1 at 2017-12-08 14:07:29 -0800
Processing by AppointmentsController#create as */*
  Parameters: {"appointment"=>{"title"=>"Las day at DBC", "appt_time"=>"Tomorrow at 9am"}}
  [1m[35m (0.1ms)[0m  [1m[36mbegin transaction[0m
  [1m[35mSQL (0.3ms)[0m  [1m[32mINSERT INTO "appointments" ("title", "appt_time", "created_at", "updated_at") VALUES (?, ?, ?, ?)[0m  [["title", "Las day at DBC"], ["appt_time", "2017-12-08 09:00:00"], ["created_at", "2017-12-08 22:07:29.335402"], ["updated_at", "2017-12-08 22:07:29.335402"]]
  [1m[35m (1.9ms)[0m  [1m[36mcommit transaction[0m
Completed 200 OK in 7ms (Views: 1.0ms | ActiveRecord: 2.3ms)


Started GET "/" for 127.0.0.1 at 2017-12-08 14:07:30 -0800
Processing by AppointmentsController#index as HTML
  Rendering appointments/index.html.haml within layouts/application
  [1m[36mAppointment Load (0.4ms)[0m  [1m[34mSELECT "appointments".* FROM "appointments" ORDER BY appt_time ASC[0m
  Rendered appointments/index.html.haml within layouts/application (15.1ms)
Completed 200 OK in 1103ms (Views: 1098.2ms | ActiveRecord: 0.4ms)


Started POST "/appointments" for 127.0.0.1 at 2017-12-08 14:07:43 -0800
Processing by AppointmentsController#create as */*
  Parameters: {"appointment"=>{"title"=>"Last day at DBC", "appt_time"=>"Tomorrow at 9am"}}
  [1m[35m (0.1ms)[0m  [1m[36mbegin transaction[0m
  [1m[35mSQL (0.4ms)[0m  [1m[32mINSERT INTO "appointments" ("title", "appt_time", "created_at", "updated_at") VALUES (?, ?, ?, ?)[0m  [["title", "Last day at DBC"], ["appt_time", "2017-12-08 09:00:00"], ["created_at", "2017-12-08 22:07:43.373123"], ["updated_at", "2017-12-08 22:07:43.373123"]]
  [1m[35m (1.5ms)[0m  [1m[36mcommit transaction[0m
Completed 200 OK in 7ms (Views: 0.7ms | ActiveRecord: 1.9ms)


Started GET "/" for 127.0.0.1 at 2017-12-08 14:11:06 -0800
Processing by AppointmentsController#index as HTML
  Rendering appointments/index.html.haml within layouts/application
  [1m[36mAppointment Load (0.3ms)[0m  [1m[34mSELECT "appointments".* FROM "appointments" ORDER BY appt_time ASC[0m
  Rendered appointments/index.html.haml within layouts/application (8.7ms)
Completed 500 Internal Server Error in 774ms (ActiveRecord: 1.6ms)


  
ActionView::Template::Error (SyntaxError: unknown: Unexpected token (1:8)
> 1 | require React from 'react'
    |         ^
  2 | 
  3 | var Appointments = createReactClass({
  4 | 	getInitialState: function() {):
     5:     <%= csrf_meta_tags %>
     6: 
     7:     <%= stylesheet_link_tag    'application', media: 'all', 'data-turbolinks-track': 'reload' %>
     8:     <%= javascript_include_tag 'application', 'data-turbolinks-track': 'reload' %>
     9:   </head>
    10: 
    11:   <body>
  
app/views/layouts/application.html.erb:8:in `_app_views_layouts_application_html_erb__597752614881943609_70160781133360'
Started GET "/" for 127.0.0.1 at 2017-12-08 14:11:18 -0800
Processing by AppointmentsController#index as HTML
  Rendering appointments/index.html.haml within layouts/application
  [1m[36mAppointment Load (0.4ms)[0m  [1m[34mSELECT "appointments".* FROM "appointments" ORDER BY appt_time ASC[0m
  Rendered appointments/index.html.haml within layouts/application (9.4ms)
Completed 500 Internal Server Error in 833ms (ActiveRecord: 1.7ms)


  
ActionView::Template::Error (SyntaxError: unknown: Unexpected token (1:8)
> 1 | require React from 'react';
    |         ^
  2 | 
  3 | var Appointments = createReactClass({
  4 | 	getInitialState: function() {):
     5:     <%= csrf_meta_tags %>
     6: 
     7:     <%= stylesheet_link_tag    'application', media: 'all', 'data-turbolinks-track': 'reload' %>
     8:     <%= javascript_include_tag 'application', 'data-turbolinks-track': 'reload' %>
     9:   </head>
    10: 
    11:   <body>
  
app/views/layouts/application.html.erb:8:in `_app_views_layouts_application_html_erb__597752614881943609_70160773754800'
Started GET "/" for 127.0.0.1 at 2017-12-08 14:40:26 -0800
Processing by AppointmentsController#index as HTML
  Rendering appointments/index.html.haml within layouts/application
  [1m[36mAppointment Load (0.4ms)[0m  [1m[34mSELECT "appointments".* FROM "appointments" ORDER BY appt_time ASC[0m
  Rendered appointments/index.html.haml within layouts/application (8.1ms)
Completed 200 OK in 1110ms (Views: 1098.7ms | ActiveRecord: 1.3ms)


Started POST "/appointments" for 127.0.0.1 at 2017-12-08 14:40:31 -0800
Processing by AppointmentsController#create as */*
  Parameters: {"appointment"=>{"title"=>"Standup Meesdfting", "appt_time"=>"Tomorrow atsdf 9am"}}
  [1m[35m (0.1ms)[0m  [1m[36mbegin transaction[0m
  [1m[35mSQL (0.6ms)[0m  [1m[32mINSERT INTO "appointments" ("title", "appt_time", "created_at", "updated_at") VALUES (?, ?, ?, ?)[0m  [["title", "Standup Meesdfting"], ["appt_time", "2017-12-08 09:00:00"], ["created_at", "2017-12-08 22:40:31.952734"], ["updated_at", "2017-12-08 22:40:31.952734"]]
  [1m[35m (1.7ms)[0m  [1m[36mcommit transaction[0m
Completed 200 OK in 7ms (Views: 0.5ms | ActiveRecord: 2.3ms)


Started GET "/" for 127.0.0.1 at 2017-12-08 14:41:51 -0800
Processing by AppointmentsController#index as HTML
  Rendering appointments/index.html.haml within layouts/application
  [1m[36mAppointment Load (0.4ms)[0m  [1m[34mSELECT "appointments".* FROM "appointments" ORDER BY appt_time ASC[0m
  Rendered appointments/index.html.haml within layouts/application (10.5ms)
Completed 200 OK in 67ms (Views: 61.7ms | ActiveRecord: 0.4ms)


Started POST "/appointments" for 127.0.0.1 at 2017-12-08 14:41:54 -0800
Processing by AppointmentsController#create as */*
  Parameters: {"appointment"=>{"title"=>"Standup Meetinsdfg", "appt_time"=>"Tomorrow at 9amsdf"}}
  [1m[35m (0.3ms)[0m  [1m[36mbegin transaction[0m
  [1m[35mSQL (0.5ms)[0m  [1m[32mINSERT INTO "appointments" ("title", "created_at", "updated_at") VALUES (?, ?, ?)[0m  [["title", "Standup Meetinsdfg"], ["created_at", "2017-12-08 22:41:54.756507"], ["updated_at", "2017-12-08 22:41:54.756507"]]
  [1m[35m (1.7ms)[0m  [1m[36mcommit transaction[0m
Completed 200 OK in 8ms (Views: 0.6ms | ActiveRecord: 2.5ms)


Started GET "/" for 127.0.0.1 at 2017-12-08 15:04:03 -0800
Processing by AppointmentsController#index as HTML
  Rendering appointments/index.html.haml within layouts/application
  [1m[36mAppointment Load (0.3ms)[0m  [1m[34mSELECT "appointments".* FROM "appointments" ORDER BY appt_time ASC[0m
  Rendered appointments/index.html.haml within layouts/application (11.6ms)
Completed 200 OK in 57ms (Views: 53.5ms | ActiveRecord: 0.3ms)


Started POST "/appointments" for 127.0.0.1 at 2017-12-08 15:04:05 -0800
Processing by AppointmentsController#create as */*
  Parameters: {"appointment"=>{"title"=>"Standup Meeting", "appt_time"=>"Tomorrow at 9am"}}
  [1m[35m (0.1ms)[0m  [1m[36mbegin transaction[0m
  [1m[35mSQL (0.5ms)[0m  [1m[32mINSERT INTO "appointments" ("title", "appt_time", "created_at", "updated_at") VALUES (?, ?, ?, ?)[0m  [["title", "Standup Meeting"], ["appt_time", "2017-12-08 09:00:00"], ["created_at", "2017-12-08 23:04:05.904736"], ["updated_at", "2017-12-08 23:04:05.904736"]]
  [1m[35m (1.6ms)[0m  [1m[36mcommit transaction[0m
Completed 200 OK in 7ms (Views: 0.9ms | ActiveRecord: 2.1ms)


Started GET "/" for 127.0.0.1 at 2017-12-08 15:34:44 -0800
  [1m[35m (0.3ms)[0m  [1m[34mSELECT "schema_migrations"."version" FROM "schema_migrations" ORDER BY "schema_migrations"."version" ASC[0m
Processing by AppointmentsController#index as HTML
  Rendering appointments/index.html.haml within layouts/application
  [1m[36mAppointment Load (0.3ms)[0m  [1m[34mSELECT "appointments".* FROM "appointments" ORDER BY appt_time ASC[0m
  Rendered appointments/index.html.haml within layouts/application (19.6ms)
Completed 200 OK in 965ms (Views: 938.4ms | ActiveRecord: 1.2ms)


Started POST "/appointments" for 127.0.0.1 at 2017-12-08 15:35:14 -0800
Processing by AppointmentsController#create as */*
  Parameters: {"appointment"=>{"title"=>"sadf", "appt_time"=>"2 dec 2017 2pm"}}
  [1m[35m (0.1ms)[0m  [1m[36mbegin transaction[0m
  [1m[35mSQL (0.4ms)[0m  [1m[32mINSERT INTO "appointments" ("title", "appt_time", "created_at", "updated_at") VALUES (?, ?, ?, ?)[0m  [["title", "sadf"], ["appt_time", "2017-12-02 14:00:00"], ["created_at", "2017-12-08 23:35:14.919130"], ["updated_at", "2017-12-08 23:35:14.919130"]]
  [1m[35m (1.8ms)[0m  [1m[36mcommit transaction[0m
Completed 200 OK in 9ms (Views: 0.9ms | ActiveRecord: 2.5ms)


Started GET "/" for 127.0.0.1 at 2017-12-08 15:59:46 -0800
  [1m[35m (0.2ms)[0m  [1m[34mSELECT "schema_migrations"."version" FROM "schema_migrations" ORDER BY "schema_migrations"."version" ASC[0m
Processing by AppointmentsController#index as HTML
  Rendering appointments/index.html.haml within layouts/application
  [1m[36mAppointment Load (0.3ms)[0m  [1m[34mSELECT "appointments".* FROM "appointments" ORDER BY appt_time ASC[0m
  Rendered appointments/index.html.haml within layouts/application (14.8ms)
Completed 200 OK in 459ms (Views: 439.1ms | ActiveRecord: 0.9ms)


Started POST "/appointments" for 127.0.0.1 at 2017-12-08 15:59:58 -0800
Processing by AppointmentsController#create as */*
  Parameters: {"appointment"=>{"title"=>"sdf", "appt_time"=>"dddddd"}}
  [1m[35m (0.1ms)[0m  [1m[36mbegin transaction[0m
  [1m[35mSQL (0.7ms)[0m  [1m[32mINSERT INTO "appointments" ("title", "created_at", "updated_at") VALUES (?, ?, ?)[0m  [["title", "sdf"], ["created_at", "2017-12-08 23:59:58.534830"], ["updated_at", "2017-12-08 23:59:58.534830"]]
  [1m[35m (2.5ms)[0m  [1m[36mcommit transaction[0m
Completed 200 OK in 11ms (Views: 0.9ms | ActiveRecord: 3.6ms)


Started GET "/?title=Standup+Meeting&appt_time=t+9am" for 127.0.0.1 at 2017-12-08 16:07:00 -0800
Processing by AppointmentsController#index as HTML
  Parameters: {"title"=>"Standup Meeting", "appt_time"=>"t 9am"}
  Rendering appointments/index.html.haml within layouts/application
  [1m[36mAppointment Load (0.4ms)[0m  [1m[34mSELECT "appointments".* FROM "appointments" ORDER BY appt_time ASC[0m
  Rendered appointments/index.html.haml within layouts/application (9.2ms)
Completed 200 OK in 82ms (Views: 79.2ms | ActiveRecord: 0.4ms)


Started POST "/appointments" for 127.0.0.1 at 2017-12-08 16:07:22 -0800
Processing by AppointmentsController#create as */*
  Parameters: {"appointment"=>{"title"=>"sfg", "appt_time"=>"01.04.2018 2pm"}}
  [1m[35m (0.1ms)[0m  [1m[36mbegin transaction[0m
  [1m[35mSQL (0.3ms)[0m  [1m[32mINSERT INTO "appointments" ("title", "appt_time", "created_at", "updated_at") VALUES (?, ?, ?, ?)[0m  [["title", "sfg"], ["appt_time", "2018-04-01 14:00:00"], ["created_at", "2017-12-09 00:07:22.389876"], ["updated_at", "2017-12-09 00:07:22.389876"]]
  [1m[35m (1.6ms)[0m  [1m[36mcommit transaction[0m
Completed 200 OK in 8ms (Views: 1.4ms | ActiveRecord: 2.0ms)


Started GET "/" for 127.0.0.1 at 2017-12-08 16:11:09 -0800
Processing by AppointmentsController#index as HTML
Started GET "/" for 127.0.0.1 at 2017-12-08 16:11:19 -0800
  Rendering appointments/index.html.haml within layouts/application
  [1m[36mAppointment Load (0.4ms)[0m  [1m[34mSELECT "appointments".* FROM "appointments" ORDER BY appt_time ASC[0m
  Rendered appointments/index.html.haml within layouts/application (8.8ms)
Completed 200 OK in 1848ms (Views: 1833.3ms | ActiveRecord: 1.2ms)


Processing by AppointmentsController#index as HTML
  Rendering appointments/index.html.haml within layouts/application
  [1m[36mAppointment Load (0.4ms)[0m  [1m[34mSELECT "appointments".* FROM "appointments" ORDER BY appt_time ASC[0m
  Rendered appointments/index.html.haml within layouts/application (36.7ms)
Completed 200 OK in 171ms (Views: 126.0ms | ActiveRecord: 1.3ms)


Started POST "/appointments" for 127.0.0.1 at 2017-12-08 16:11:47 -0800
Processing by AppointmentsController#create as */*
  Parameters: {"appointment"=>{"title"=>"ddddd", "appt_time"=>"2017-12-02T14:00:00"}}
  [1m[35m (0.1ms)[0m  [1m[36mbegin transaction[0m
  [1m[35mSQL (0.3ms)[0m  [1m[32mINSERT INTO "appointments" ("title", "appt_time", "created_at", "updated_at") VALUES (?, ?, ?, ?)[0m  [["title", "ddddd"], ["appt_time", "2017-12-02 14:00:00"], ["created_at", "2017-12-09 00:11:47.867822"], ["updated_at", "2017-12-09 00:11:47.867822"]]
  [1m[35m (1.4ms)[0m  [1m[36mcommit transaction[0m
Completed 200 OK in 8ms (Views: 0.4ms | ActiveRecord: 1.8ms)


Started GET "/" for 127.0.0.1 at 2017-12-08 16:15:28 -0800
Processing by AppointmentsController#index as HTML
  Rendering appointments/index.html.haml within layouts/application
  [1m[36mAppointment Load (0.3ms)[0m  [1m[34mSELECT "appointments".* FROM "appointments" ORDER BY appt_time ASC[0m
  Rendered appointments/index.html.haml within layouts/application (10.7ms)
Completed 200 OK in 1103ms (Views: 1088.8ms | ActiveRecord: 1.2ms)


Started POST "/appointments" for 127.0.0.1 at 2017-12-08 16:15:38 -0800
Processing by AppointmentsController#create as */*
  Parameters: {"appointment"=>{"title"=>"asdfsadf", "appt_time"=>"Tomorrow at 9am"}}
  [1m[35m (0.1ms)[0m  [1m[36mbegin transaction[0m
  [1m[35mSQL (0.4ms)[0m  [1m[32mINSERT INTO "appointments" ("title", "appt_time", "created_at", "updated_at") VALUES (?, ?, ?, ?)[0m  [["title", "asdfsadf"], ["appt_time", "2017-12-09 09:00:00"], ["created_at", "2017-12-09 00:15:38.627454"], ["updated_at", "2017-12-09 00:15:38.627454"]]
  [1m[35m (3.3ms)[0m  [1m[36mcommit transaction[0m
Completed 200 OK in 8ms (Views: 0.8ms | ActiveRecord: 3.8ms)


Started GET "/" for 127.0.0.1 at 2017-12-08 16:44:10 -0800
Processing by AppointmentsController#index as HTML
  Rendering appointments/index.html.haml within layouts/application
  [1m[36mAppointment Load (0.3ms)[0m  [1m[34mSELECT "appointments".* FROM "appointments" ORDER BY appt_time ASC[0m
  Rendered appointments/index.html.haml within layouts/application (9.0ms)
Completed 200 OK in 1088ms (Views: 1074.6ms | ActiveRecord: 1.2ms)


Started POST "/appointments" for 127.0.0.1 at 2017-12-08 16:44:18 -0800
Processing by AppointmentsController#create as */*
  Parameters: {"appointment"=>{"title"=>"sdf", "appt_time"=>"Tomorrow at 9am."}}
  [1m[35m (0.1ms)[0m  [1m[36mbegin transaction[0m
  [1m[35mSQL (0.4ms)[0m  [1m[32mINSERT INTO "appointments" ("title", "appt_time", "created_at", "updated_at") VALUES (?, ?, ?, ?)[0m  [["title", "sdf"], ["appt_time", "2017-12-09 09:00:00"], ["created_at", "2017-12-09 00:44:18.768144"], ["updated_at", "2017-12-09 00:44:18.768144"]]
  [1m[35m (1.5ms)[0m  [1m[36mcommit transaction[0m
Completed 200 OK in 7ms (Views: 0.5ms | ActiveRecord: 2.0ms)


Started POST "/appointments" for 127.0.0.1 at 2017-12-08 16:44:32 -0800
Processing by AppointmentsController#create as */*
  Parameters: {"appointment"=>{"title"=>"sdfddddddd", "appt_time"=>"Tomorrow at 9am"}}
  [1m[35m (0.1ms)[0m  [1m[36mbegin transaction[0m
  [1m[35mSQL (0.3ms)[0m  [1m[32mINSERT INTO "appointments" ("title", "appt_time", "created_at", "updated_at") VALUES (?, ?, ?, ?)[0m  [["title", "sdfddddddd"], ["appt_time", "2017-12-09 09:00:00"], ["created_at", "2017-12-09 00:44:32.260181"], ["updated_at", "2017-12-09 00:44:32.260181"]]
  [1m[35m (1.6ms)[0m  [1m[36mcommit transaction[0m
Completed 200 OK in 5ms (Views: 0.6ms | ActiveRecord: 2.0ms)


Started POST "/appointments" for 127.0.0.1 at 2017-12-08 16:45:40 -0800
Processing by AppointmentsController#create as */*
  Parameters: {"appointment"=>{"title"=>"Try Bulgarian solution", "appt_time"=>"today at 5pm"}}
  [1m[35m (0.1ms)[0m  [1m[36mbegin transaction[0m
  [1m[35mSQL (0.3ms)[0m  [1m[32mINSERT INTO "appointments" ("title", "appt_time", "created_at", "updated_at") VALUES (?, ?, ?, ?)[0m  [["title", "Try Bulgarian solution"], ["appt_time", "2017-12-09 17:00:00"], ["created_at", "2017-12-09 00:45:40.823314"], ["updated_at", "2017-12-09 00:45:40.823314"]]
  [1m[35m (1.7ms)[0m  [1m[36mcommit transaction[0m
Completed 200 OK in 5ms (Views: 0.4ms | ActiveRecord: 2.1ms)


Started GET "/" for 127.0.0.1 at 2017-12-08 17:17:52 -0800
  [1m[35m (0.2ms)[0m  [1m[34mSELECT "schema_migrations"."version" FROM "schema_migrations" ORDER BY "schema_migrations"."version" ASC[0m
Processing by AppointmentsController#index as HTML
  Rendering appointments/index.html.haml within layouts/application
  [1m[36mAppointment Load (0.3ms)[0m  [1m[34mSELECT "appointments".* FROM "appointments" ORDER BY appt_time ASC[0m
  Rendered appointments/index.html.haml within layouts/application (16.4ms)
Completed 200 OK in 780ms (Views: 760.9ms | ActiveRecord: 1.1ms)


Started POST "/appointments" for 127.0.0.1 at 2017-12-08 17:25:46 -0800
Processing by AppointmentsController#create as */*
  Parameters: {"appointment"=>{"title"=>"sorted", "appt_time"=>"2017-12-08T08:00:00.000Z"}}
  [1m[35m (0.1ms)[0m  [1m[36mbegin transaction[0m
  [1m[35mSQL (0.7ms)[0m  [1m[32mINSERT INTO "appointments" ("title", "appt_time", "created_at", "updated_at") VALUES (?, ?, ?, ?)[0m  [["title", "sorted"], ["appt_time", "2017-12-08 08:00:00"], ["created_at", "2017-12-09 01:25:56.767909"], ["updated_at", "2017-12-09 01:25:56.767909"]]
  [1m[35m (1.6ms)[0m  [1m[36mcommit transaction[0m
Completed 200 OK in 32ms (Views: 0.6ms | ActiveRecord: 3.1ms)


Started GET "/" for 127.0.0.1 at 2017-12-08 17:26:19 -0800
Processing by AppointmentsController#index as HTML
  Rendering appointments/index.html.haml within layouts/application
  [1m[36mAppointment Load (0.3ms)[0m  [1m[34mSELECT "appointments".* FROM "appointments" ORDER BY appt_time ASC[0m
  Rendered appointments/index.html.haml within layouts/application (24.9ms)
Completed 200 OK in 1942ms (Views: 1937.9ms | ActiveRecord: 0.3ms)


Started GET "/" for 127.0.0.1 at 2017-12-30 17:09:18 -0800
  [1m[35m (1.7ms)[0m  [1m[34mSELECT "schema_migrations"."version" FROM "schema_migrations" ORDER BY "schema_migrations"."version" ASC[0m
Processing by AppointmentsController#index as HTML
  Rendering appointments/index.html.haml within layouts/application
  [1m[36mAppointment Load (1.9ms)[0m  [1m[34mSELECT "appointments".* FROM "appointments" ORDER BY appt_time ASC[0m
  Rendered appointments/index.html.haml within layouts/application (26.1ms)
Completed 200 OK in 820ms (Views: 780.5ms | ActiveRecord: 3.0ms)


